In clock cycle: 3
Register Write to Reg: 0x00 Val: 0x00000000
In clock cycle: 4
Register Write to Reg: 0x01 Val: 0x00000002
In clock cycle: 5
Register Write to Reg: 0x02 Val: 0x00000000
In clock cycle: 6
Register Write to Reg: 0x02 Val: 0x00000001
In clock cycle: 9
Register Write to Reg: 0x00 Val: 0x00000000
In clock cycle: 10
Register Write to Reg: 0x02 Val: 0x00000002
In clock cycle: 13
Register Write to Reg: 0x00 Val: 0x00000000
In clock cycle: 14
Register Write to Reg: 0x02 Val: 0x00000003
In clock cycle: 16
Register Write to Reg: 0x01 Val: 0x00000003
In clock cycle: 17
Register Write to Reg: 0x03 Val: 0x00000000
In clock cycle: 18
Register Write to Reg: 0x03 Val: 0x00000001
In clock cycle: 21
Register Write to Reg: 0x00 Val: 0x00000000
In clock cycle: 22
Register Write to Reg: 0x03 Val: 0x00000002
In clock cycle: 25
Register Write to Reg: 0x00 Val: 0x00000000
In clock cycle: 26
Register Write to Reg: 0x03 Val: 0x00000003
In clock cycle: 29
Register Write to Reg: 0x00 Val: 0x00000000
In clock cycle: 30
Register Write to Reg: 0x03 Val: 0x00000004
In clock cycle: 32
Register Write to Reg: 0x01 Val: 0x00000004
In clock cycle: 33
Register Write to Reg: 0x04 Val: 0x00000000
In clock cycle: 34
Register Write to Reg: 0x04 Val: 0x00000001
In clock cycle: 37
Register Write to Reg: 0x00 Val: 0x00000000
In clock cycle: 38
Register Write to Reg: 0x04 Val: 0x00000002
In clock cycle: 41
Register Write to Reg: 0x00 Val: 0x00000000
In clock cycle: 42
Register Write to Reg: 0x04 Val: 0x00000003
In clock cycle: 45
Register Write to Reg: 0x00 Val: 0x00000000
In clock cycle: 46
Register Write to Reg: 0x04 Val: 0x00000004
In clock cycle: 49
Register Write to Reg: 0x00 Val: 0x00000000
In clock cycle: 50
Register Write to Reg: 0x04 Val: 0x00000005
In clock cycle: 52
Register Write to Reg: 0x01 Val: 0x00000005
In clock cycle: 53
Register Write to Reg: 0x05 Val: 0x00000000
In clock cycle: 54
Register Write to Reg: 0x05 Val: 0x00000001
In clock cycle: 57
Register Write to Reg: 0x00 Val: 0x00000000
In clock cycle: 58
Register Write to Reg: 0x05 Val: 0x00000002
In clock cycle: 61
Register Write to Reg: 0x00 Val: 0x00000000
In clock cycle: 62
Register Write to Reg: 0x05 Val: 0x00000003
In clock cycle: 65
Register Write to Reg: 0x00 Val: 0x00000000
In clock cycle: 66
Register Write to Reg: 0x05 Val: 0x00000004
In clock cycle: 69
Register Write to Reg: 0x00 Val: 0x00000000
In clock cycle: 70
Register Write to Reg: 0x05 Val: 0x00000005
In clock cycle: 73
Register Write to Reg: 0x00 Val: 0x00000000
In clock cycle: 74
Register Write to Reg: 0x05 Val: 0x00000006
In clock cycle: 76
Register Write to Reg: 0x01 Val: 0x00000006
In clock cycle: 77
Register Write to Reg: 0x06 Val: 0x00000000
In clock cycle: 78
Register Write to Reg: 0x06 Val: 0x00000001
In clock cycle: 81
Register Write to Reg: 0x00 Val: 0x00000000
In clock cycle: 82
Register Write to Reg: 0x06 Val: 0x00000002
In clock cycle: 85
Register Write to Reg: 0x00 Val: 0x00000000
In clock cycle: 86
Register Write to Reg: 0x06 Val: 0x00000003
In clock cycle: 89
Register Write to Reg: 0x00 Val: 0x00000000
In clock cycle: 90
Register Write to Reg: 0x06 Val: 0x00000004
In clock cycle: 93
Register Write to Reg: 0x00 Val: 0x00000000
In clock cycle: 94
Register Write to Reg: 0x06 Val: 0x00000005
In clock cycle: 97
Register Write to Reg: 0x00 Val: 0x00000000
In clock cycle: 98
Register Write to Reg: 0x06 Val: 0x00000006
In clock cycle: 101
Register Write to Reg: 0x00 Val: 0x00000000
In clock cycle: 102
Register Write to Reg: 0x06 Val: 0x00000007
In clock cycle: 104
Register Write to Reg: 0x01 Val: 0x00000007
In clock cycle: 105
Register Write to Reg: 0x07 Val: 0x00000000
In clock cycle: 106
Register Write to Reg: 0x07 Val: 0x00000001
In clock cycle: 109
Register Write to Reg: 0x00 Val: 0x00000000
In clock cycle: 110
Register Write to Reg: 0x07 Val: 0x00000002
In clock cycle: 113
Register Write to Reg: 0x00 Val: 0x00000000
In clock cycle: 114
Register Write to Reg: 0x07 Val: 0x00000003
In clock cycle: 117
Register Write to Reg: 0x00 Val: 0x00000000
In clock cycle: 118
Register Write to Reg: 0x07 Val: 0x00000004
In clock cycle: 121
Register Write to Reg: 0x00 Val: 0x00000000
In clock cycle: 122
Register Write to Reg: 0x07 Val: 0x00000005
In clock cycle: 125
Register Write to Reg: 0x00 Val: 0x00000000
In clock cycle: 126
Register Write to Reg: 0x07 Val: 0x00000006
In clock cycle: 129
Register Write to Reg: 0x00 Val: 0x00000000
In clock cycle: 130
Register Write to Reg: 0x07 Val: 0x00000007
In clock cycle: 133
Register Write to Reg: 0x00 Val: 0x00000000
In clock cycle: 134
Register Write to Reg: 0x07 Val: 0x00000008
In clock cycle: 136
Register Write to Reg: 0x01 Val: 0x00000008
In clock cycle: 137
Register Write to Reg: 0x08 Val: 0x00000000
In clock cycle: 138
Register Write to Reg: 0x08 Val: 0x00000001
In clock cycle: 141
Register Write to Reg: 0x00 Val: 0x00000000
In clock cycle: 142
Register Write to Reg: 0x08 Val: 0x00000002
In clock cycle: 145
Register Write to Reg: 0x00 Val: 0x00000000
In clock cycle: 146
Register Write to Reg: 0x08 Val: 0x00000003
In clock cycle: 149
Register Write to Reg: 0x00 Val: 0x00000000
In clock cycle: 150
Register Write to Reg: 0x08 Val: 0x00000004
In clock cycle: 153
Register Write to Reg: 0x00 Val: 0x00000000
In clock cycle: 154
Register Write to Reg: 0x08 Val: 0x00000005
In clock cycle: 157
Register Write to Reg: 0x00 Val: 0x00000000
In clock cycle: 158
Register Write to Reg: 0x08 Val: 0x00000006
In clock cycle: 161
Register Write to Reg: 0x00 Val: 0x00000000
In clock cycle: 162
Register Write to Reg: 0x08 Val: 0x00000007
In clock cycle: 165
Register Write to Reg: 0x00 Val: 0x00000000
In clock cycle: 166
Register Write to Reg: 0x08 Val: 0x00000008
In clock cycle: 169
Register Write to Reg: 0x00 Val: 0x00000000
In clock cycle: 170
Register Write to Reg: 0x08 Val: 0x00000009
In clock cycle: 172
Register Write to Reg: 0x01 Val: 0x00000009
In clock cycle: 173
Register Write to Reg: 0x09 Val: 0x00000000
In clock cycle: 174
Register Write to Reg: 0x09 Val: 0x00000001
In clock cycle: 177
Register Write to Reg: 0x00 Val: 0x00000000
In clock cycle: 178
Register Write to Reg: 0x09 Val: 0x00000002
In clock cycle: 181
Register Write to Reg: 0x00 Val: 0x00000000
In clock cycle: 182
Register Write to Reg: 0x09 Val: 0x00000003
In clock cycle: 185
Register Write to Reg: 0x00 Val: 0x00000000
In clock cycle: 186
Register Write to Reg: 0x09 Val: 0x00000004
In clock cycle: 189
Register Write to Reg: 0x00 Val: 0x00000000
In clock cycle: 190
Register Write to Reg: 0x09 Val: 0x00000005
In clock cycle: 193
Register Write to Reg: 0x00 Val: 0x00000000
In clock cycle: 194
Register Write to Reg: 0x09 Val: 0x00000006
In clock cycle: 197
Register Write to Reg: 0x00 Val: 0x00000000
In clock cycle: 198
Register Write to Reg: 0x09 Val: 0x00000007
In clock cycle: 201
Register Write to Reg: 0x00 Val: 0x00000000
In clock cycle: 202
Register Write to Reg: 0x09 Val: 0x00000008
In clock cycle: 205
Register Write to Reg: 0x00 Val: 0x00000000
In clock cycle: 206
Register Write to Reg: 0x09 Val: 0x00000009
In clock cycle: 209
Register Write to Reg: 0x00 Val: 0x00000000
In clock cycle: 210
Register Write to Reg: 0x09 Val: 0x0000000A
In clock cycle: 212
Register Write to Reg: 0x01 Val: 0x0000000A
In clock cycle: 213
Register Write to Reg: 0x0A Val: 0x00000000
In clock cycle: 214
Register Write to Reg: 0x0A Val: 0x00000001
In clock cycle: 217
Register Write to Reg: 0x00 Val: 0x00000000
In clock cycle: 218
Register Write to Reg: 0x0A Val: 0x00000002
In clock cycle: 221
Register Write to Reg: 0x00 Val: 0x00000000
In clock cycle: 222
Register Write to Reg: 0x0A Val: 0x00000003
In clock cycle: 225
Register Write to Reg: 0x00 Val: 0x00000000
In clock cycle: 226
Register Write to Reg: 0x0A Val: 0x00000004
In clock cycle: 229
Register Write to Reg: 0x00 Val: 0x00000000
In clock cycle: 230
Register Write to Reg: 0x0A Val: 0x00000005
In clock cycle: 233
Register Write to Reg: 0x00 Val: 0x00000000
In clock cycle: 234
Register Write to Reg: 0x0A Val: 0x00000006
In clock cycle: 237
Register Write to Reg: 0x00 Val: 0x00000000
In clock cycle: 238
Register Write to Reg: 0x0A Val: 0x00000007
In clock cycle: 241
Register Write to Reg: 0x00 Val: 0x00000000
In clock cycle: 242
Register Write to Reg: 0x0A Val: 0x00000008
In clock cycle: 245
Register Write to Reg: 0x00 Val: 0x00000000
In clock cycle: 246
Register Write to Reg: 0x0A Val: 0x00000009
In clock cycle: 249
Register Write to Reg: 0x00 Val: 0x00000000
In clock cycle: 250
Register Write to Reg: 0x0A Val: 0x0000000A
In clock cycle: 253
Register Write to Reg: 0x00 Val: 0x00000000
In clock cycle: 254
Register Write to Reg: 0x0A Val: 0x0000000B
In clock cycle: 256
Register Write to Reg: 0x01 Val: 0x0000000B
In clock cycle: 257
Register Write to Reg: 0x0B Val: 0x00000000
In clock cycle: 258
Register Write to Reg: 0x0B Val: 0x00000001
In clock cycle: 261
Register Write to Reg: 0x00 Val: 0x00000000
In clock cycle: 262
Register Write to Reg: 0x0B Val: 0x00000002
In clock cycle: 265
Register Write to Reg: 0x00 Val: 0x00000000
In clock cycle: 266
Register Write to Reg: 0x0B Val: 0x00000003
In clock cycle: 269
Register Write to Reg: 0x00 Val: 0x00000000
In clock cycle: 270
Register Write to Reg: 0x0B Val: 0x00000004
In clock cycle: 273
Register Write to Reg: 0x00 Val: 0x00000000
In clock cycle: 274
Register Write to Reg: 0x0B Val: 0x00000005
In clock cycle: 277
Register Write to Reg: 0x00 Val: 0x00000000
In clock cycle: 278
Register Write to Reg: 0x0B Val: 0x00000006
In clock cycle: 281
Register Write to Reg: 0x00 Val: 0x00000000
In clock cycle: 282
Register Write to Reg: 0x0B Val: 0x00000007
In clock cycle: 285
Register Write to Reg: 0x00 Val: 0x00000000
In clock cycle: 286
Register Write to Reg: 0x0B Val: 0x00000008
In clock cycle: 289
Register Write to Reg: 0x00 Val: 0x00000000
In clock cycle: 290
Register Write to Reg: 0x0B Val: 0x00000009
In clock cycle: 293
Register Write to Reg: 0x00 Val: 0x00000000
In clock cycle: 294
Register Write to Reg: 0x0B Val: 0x0000000A
In clock cycle: 297
Register Write to Reg: 0x00 Val: 0x00000000
In clock cycle: 298
Register Write to Reg: 0x0B Val: 0x0000000B
In clock cycle: 301
Register Write to Reg: 0x00 Val: 0x00000000
In clock cycle: 302
Register Write to Reg: 0x0B Val: 0x0000000C
In clock cycle: 304
Register Write to Reg: 0x01 Val: 0x0000000C
In clock cycle: 305
Register Write to Reg: 0x0C Val: 0x00000000
In clock cycle: 306
Register Write to Reg: 0x0C Val: 0x00000001
In clock cycle: 309
Register Write to Reg: 0x00 Val: 0x00000000
In clock cycle: 310
Register Write to Reg: 0x0C Val: 0x00000002
In clock cycle: 313
Register Write to Reg: 0x00 Val: 0x00000000
In clock cycle: 314
Register Write to Reg: 0x0C Val: 0x00000003
In clock cycle: 317
Register Write to Reg: 0x00 Val: 0x00000000
In clock cycle: 318
Register Write to Reg: 0x0C Val: 0x00000004
In clock cycle: 321
Register Write to Reg: 0x00 Val: 0x00000000
In clock cycle: 322
Register Write to Reg: 0x0C Val: 0x00000005
In clock cycle: 325
Register Write to Reg: 0x00 Val: 0x00000000
In clock cycle: 326
Register Write to Reg: 0x0C Val: 0x00000006
In clock cycle: 329
Register Write to Reg: 0x00 Val: 0x00000000
In clock cycle: 330
Register Write to Reg: 0x0C Val: 0x00000007
In clock cycle: 333
Register Write to Reg: 0x00 Val: 0x00000000
In clock cycle: 334
Register Write to Reg: 0x0C Val: 0x00000008
In clock cycle: 337
Register Write to Reg: 0x00 Val: 0x00000000
In clock cycle: 338
Register Write to Reg: 0x0C Val: 0x00000009
In clock cycle: 341
Register Write to Reg: 0x00 Val: 0x00000000
In clock cycle: 342
Register Write to Reg: 0x0C Val: 0x0000000A
In clock cycle: 345
Register Write to Reg: 0x00 Val: 0x00000000
In clock cycle: 346
Register Write to Reg: 0x0C Val: 0x0000000B
In clock cycle: 349
Register Write to Reg: 0x00 Val: 0x00000000
In clock cycle: 350
Register Write to Reg: 0x0C Val: 0x0000000C
In clock cycle: 353
Register Write to Reg: 0x00 Val: 0x00000000
In clock cycle: 354
Register Write to Reg: 0x0C Val: 0x0000000D
In clock cycle: 356
Register Write to Reg: 0x01 Val: 0x0000000D
In clock cycle: 357
Register Write to Reg: 0x0D Val: 0x00000000
In clock cycle: 358
Register Write to Reg: 0x0D Val: 0x00000001
In clock cycle: 361
Register Write to Reg: 0x00 Val: 0x00000000
In clock cycle: 362
Register Write to Reg: 0x0D Val: 0x00000002
In clock cycle: 365
Register Write to Reg: 0x00 Val: 0x00000000
In clock cycle: 366
Register Write to Reg: 0x0D Val: 0x00000003
In clock cycle: 369
Register Write to Reg: 0x00 Val: 0x00000000
In clock cycle: 370
Register Write to Reg: 0x0D Val: 0x00000004
In clock cycle: 373
Register Write to Reg: 0x00 Val: 0x00000000
In clock cycle: 374
Register Write to Reg: 0x0D Val: 0x00000005
In clock cycle: 377
Register Write to Reg: 0x00 Val: 0x00000000
In clock cycle: 378
Register Write to Reg: 0x0D Val: 0x00000006
In clock cycle: 381
Register Write to Reg: 0x00 Val: 0x00000000
In clock cycle: 382
Register Write to Reg: 0x0D Val: 0x00000007
In clock cycle: 385
Register Write to Reg: 0x00 Val: 0x00000000
In clock cycle: 386
Register Write to Reg: 0x0D Val: 0x00000008
In clock cycle: 389
Register Write to Reg: 0x00 Val: 0x00000000
In clock cycle: 390
Register Write to Reg: 0x0D Val: 0x00000009
In clock cycle: 393
Register Write to Reg: 0x00 Val: 0x00000000
In clock cycle: 394
Register Write to Reg: 0x0D Val: 0x0000000A
In clock cycle: 397
Register Write to Reg: 0x00 Val: 0x00000000
In clock cycle: 398
Register Write to Reg: 0x0D Val: 0x0000000B
In clock cycle: 401
Register Write to Reg: 0x00 Val: 0x00000000
In clock cycle: 402
Register Write to Reg: 0x0D Val: 0x0000000C
In clock cycle: 405
Register Write to Reg: 0x00 Val: 0x00000000
In clock cycle: 406
Register Write to Reg: 0x0D Val: 0x0000000D
In clock cycle: 409
Register Write to Reg: 0x00 Val: 0x00000000
In clock cycle: 410
Register Write to Reg: 0x0D Val: 0x0000000E
In clock cycle: 412
Register Write to Reg: 0x01 Val: 0x0000000E
In clock cycle: 413
Register Write to Reg: 0x0E Val: 0x00000000
In clock cycle: 414
Register Write to Reg: 0x0E Val: 0x00000001
In clock cycle: 417
Register Write to Reg: 0x00 Val: 0x00000000
In clock cycle: 418
Register Write to Reg: 0x0E Val: 0x00000002
In clock cycle: 421
Register Write to Reg: 0x00 Val: 0x00000000
In clock cycle: 422
Register Write to Reg: 0x0E Val: 0x00000003
In clock cycle: 425
Register Write to Reg: 0x00 Val: 0x00000000
In clock cycle: 426
Register Write to Reg: 0x0E Val: 0x00000004
In clock cycle: 429
Register Write to Reg: 0x00 Val: 0x00000000
In clock cycle: 430
Register Write to Reg: 0x0E Val: 0x00000005
In clock cycle: 433
Register Write to Reg: 0x00 Val: 0x00000000
In clock cycle: 434
Register Write to Reg: 0x0E Val: 0x00000006
In clock cycle: 437
Register Write to Reg: 0x00 Val: 0x00000000
In clock cycle: 438
Register Write to Reg: 0x0E Val: 0x00000007
In clock cycle: 441
Register Write to Reg: 0x00 Val: 0x00000000
In clock cycle: 442
Register Write to Reg: 0x0E Val: 0x00000008
In clock cycle: 445
Register Write to Reg: 0x00 Val: 0x00000000
In clock cycle: 446
Register Write to Reg: 0x0E Val: 0x00000009
In clock cycle: 449
Register Write to Reg: 0x00 Val: 0x00000000
In clock cycle: 450
Register Write to Reg: 0x0E Val: 0x0000000A
In clock cycle: 453
Register Write to Reg: 0x00 Val: 0x00000000
In clock cycle: 454
Register Write to Reg: 0x0E Val: 0x0000000B
In clock cycle: 457
Register Write to Reg: 0x00 Val: 0x00000000
In clock cycle: 458
Register Write to Reg: 0x0E Val: 0x0000000C
In clock cycle: 461
Register Write to Reg: 0x00 Val: 0x00000000
In clock cycle: 462
Register Write to Reg: 0x0E Val: 0x0000000D
In clock cycle: 465
Register Write to Reg: 0x00 Val: 0x00000000
In clock cycle: 466
Register Write to Reg: 0x0E Val: 0x0000000E
In clock cycle: 469
Register Write to Reg: 0x00 Val: 0x00000000
In clock cycle: 470
Register Write to Reg: 0x0E Val: 0x0000000F
In clock cycle: 472
Register Write to Reg: 0x01 Val: 0x0000000F
In clock cycle: 473
Register Write to Reg: 0x0F Val: 0x00000000
In clock cycle: 474
Register Write to Reg: 0x0F Val: 0x00000001
In clock cycle: 477
Register Write to Reg: 0x00 Val: 0x00000000
In clock cycle: 478
Register Write to Reg: 0x0F Val: 0x00000002
In clock cycle: 481
Register Write to Reg: 0x00 Val: 0x00000000
In clock cycle: 482
Register Write to Reg: 0x0F Val: 0x00000003
In clock cycle: 485
Register Write to Reg: 0x00 Val: 0x00000000
In clock cycle: 486
Register Write to Reg: 0x0F Val: 0x00000004
In clock cycle: 489
Register Write to Reg: 0x00 Val: 0x00000000
In clock cycle: 490
Register Write to Reg: 0x0F Val: 0x00000005
In clock cycle: 493
Register Write to Reg: 0x00 Val: 0x00000000
In clock cycle: 494
Register Write to Reg: 0x0F Val: 0x00000006
In clock cycle: 497
Register Write to Reg: 0x00 Val: 0x00000000
In clock cycle: 498
Register Write to Reg: 0x0F Val: 0x00000007
In clock cycle: 501
Register Write to Reg: 0x00 Val: 0x00000000
In clock cycle: 502
Register Write to Reg: 0x0F Val: 0x00000008
In clock cycle: 505
Register Write to Reg: 0x00 Val: 0x00000000
In clock cycle: 506
Register Write to Reg: 0x0F Val: 0x00000009
In clock cycle: 509
Register Write to Reg: 0x00 Val: 0x00000000
In clock cycle: 510
Register Write to Reg: 0x0F Val: 0x0000000A
In clock cycle: 513
Register Write to Reg: 0x00 Val: 0x00000000
In clock cycle: 514
Register Write to Reg: 0x0F Val: 0x0000000B
In clock cycle: 517
Register Write to Reg: 0x00 Val: 0x00000000
In clock cycle: 518
Register Write to Reg: 0x0F Val: 0x0000000C
In clock cycle: 521
Register Write to Reg: 0x00 Val: 0x00000000
In clock cycle: 522
Register Write to Reg: 0x0F Val: 0x0000000D
In clock cycle: 525
Register Write to Reg: 0x00 Val: 0x00000000
In clock cycle: 526
Register Write to Reg: 0x0F Val: 0x0000000E
In clock cycle: 529
Register Write to Reg: 0x00 Val: 0x00000000
In clock cycle: 530
Register Write to Reg: 0x0F Val: 0x0000000F
In clock cycle: 533
Register Write to Reg: 0x00 Val: 0x00000000
In clock cycle: 534
Register Write to Reg: 0x0F Val: 0x00000010
In clock cycle: 536
Register Write to Reg: 0x01 Val: 0x00000010
In clock cycle: 537
Register Write to Reg: 0x10 Val: 0x00000000
In clock cycle: 538
Register Write to Reg: 0x10 Val: 0x00000001
In clock cycle: 541
Register Write to Reg: 0x00 Val: 0x00000000
In clock cycle: 542
Register Write to Reg: 0x10 Val: 0x00000002
In clock cycle: 545
Register Write to Reg: 0x00 Val: 0x00000000
In clock cycle: 546
Register Write to Reg: 0x10 Val: 0x00000003
In clock cycle: 549
Register Write to Reg: 0x00 Val: 0x00000000
In clock cycle: 550
Register Write to Reg: 0x10 Val: 0x00000004
In clock cycle: 553
Register Write to Reg: 0x00 Val: 0x00000000
In clock cycle: 554
Register Write to Reg: 0x10 Val: 0x00000005
In clock cycle: 557
Register Write to Reg: 0x00 Val: 0x00000000
In clock cycle: 558
Register Write to Reg: 0x10 Val: 0x00000006
In clock cycle: 561
Register Write to Reg: 0x00 Val: 0x00000000
In clock cycle: 562
Register Write to Reg: 0x10 Val: 0x00000007
In clock cycle: 565
Register Write to Reg: 0x00 Val: 0x00000000
In clock cycle: 566
Register Write to Reg: 0x10 Val: 0x00000008
In clock cycle: 569
Register Write to Reg: 0x00 Val: 0x00000000
In clock cycle: 570
Register Write to Reg: 0x10 Val: 0x00000009
In clock cycle: 573
Register Write to Reg: 0x00 Val: 0x00000000
In clock cycle: 574
Register Write to Reg: 0x10 Val: 0x0000000A
In clock cycle: 577
Register Write to Reg: 0x00 Val: 0x00000000
In clock cycle: 578
Register Write to Reg: 0x10 Val: 0x0000000B
In clock cycle: 581
Register Write to Reg: 0x00 Val: 0x00000000
In clock cycle: 582
Register Write to Reg: 0x10 Val: 0x0000000C
In clock cycle: 585
Register Write to Reg: 0x00 Val: 0x00000000
In clock cycle: 586
Register Write to Reg: 0x10 Val: 0x0000000D
In clock cycle: 589
Register Write to Reg: 0x00 Val: 0x00000000
In clock cycle: 590
Register Write to Reg: 0x10 Val: 0x0000000E
In clock cycle: 593
Register Write to Reg: 0x00 Val: 0x00000000
In clock cycle: 594
Register Write to Reg: 0x10 Val: 0x0000000F
In clock cycle: 597
Register Write to Reg: 0x00 Val: 0x00000000
In clock cycle: 598
Register Write to Reg: 0x10 Val: 0x00000010
In clock cycle: 601
Register Write to Reg: 0x00 Val: 0x00000000
In clock cycle: 602
Register Write to Reg: 0x10 Val: 0x00000011
In clock cycle: 604
Register Write to Reg: 0x01 Val: 0x00000011
In clock cycle: 605
Register Write to Reg: 0x11 Val: 0x00000000
In clock cycle: 606
Register Write to Reg: 0x11 Val: 0x00000001
In clock cycle: 609
Register Write to Reg: 0x00 Val: 0x00000000
In clock cycle: 610
Register Write to Reg: 0x11 Val: 0x00000002
In clock cycle: 613
Register Write to Reg: 0x00 Val: 0x00000000
In clock cycle: 614
Register Write to Reg: 0x11 Val: 0x00000003
In clock cycle: 617
Register Write to Reg: 0x00 Val: 0x00000000
In clock cycle: 618
Register Write to Reg: 0x11 Val: 0x00000004
In clock cycle: 621
Register Write to Reg: 0x00 Val: 0x00000000
In clock cycle: 622
Register Write to Reg: 0x11 Val: 0x00000005
In clock cycle: 625
Register Write to Reg: 0x00 Val: 0x00000000
In clock cycle: 626
Register Write to Reg: 0x11 Val: 0x00000006
In clock cycle: 629
Register Write to Reg: 0x00 Val: 0x00000000
In clock cycle: 630
Register Write to Reg: 0x11 Val: 0x00000007
In clock cycle: 633
Register Write to Reg: 0x00 Val: 0x00000000
In clock cycle: 634
Register Write to Reg: 0x11 Val: 0x00000008
In clock cycle: 637
Register Write to Reg: 0x00 Val: 0x00000000
In clock cycle: 638
Register Write to Reg: 0x11 Val: 0x00000009
In clock cycle: 641
Register Write to Reg: 0x00 Val: 0x00000000
In clock cycle: 642
Register Write to Reg: 0x11 Val: 0x0000000A
In clock cycle: 645
Register Write to Reg: 0x00 Val: 0x00000000
In clock cycle: 646
Register Write to Reg: 0x11 Val: 0x0000000B
In clock cycle: 649
Register Write to Reg: 0x00 Val: 0x00000000
In clock cycle: 650
Register Write to Reg: 0x11 Val: 0x0000000C
In clock cycle: 653
Register Write to Reg: 0x00 Val: 0x00000000
In clock cycle: 654
Register Write to Reg: 0x11 Val: 0x0000000D
In clock cycle: 657
Register Write to Reg: 0x00 Val: 0x00000000
In clock cycle: 658
Register Write to Reg: 0x11 Val: 0x0000000E
In clock cycle: 661
Register Write to Reg: 0x00 Val: 0x00000000
In clock cycle: 662
Register Write to Reg: 0x11 Val: 0x0000000F
In clock cycle: 665
Register Write to Reg: 0x00 Val: 0x00000000
In clock cycle: 666
Register Write to Reg: 0x11 Val: 0x00000010
In clock cycle: 669
Register Write to Reg: 0x00 Val: 0x00000000
In clock cycle: 670
Register Write to Reg: 0x11 Val: 0x00000011
In clock cycle: 673
Register Write to Reg: 0x00 Val: 0x00000000
In clock cycle: 674
Register Write to Reg: 0x11 Val: 0x00000012
In clock cycle: 676
Register Write to Reg: 0x01 Val: 0x00000012
In clock cycle: 677
Register Write to Reg: 0x12 Val: 0x00000000
In clock cycle: 678
Register Write to Reg: 0x12 Val: 0x00000001
In clock cycle: 681
Register Write to Reg: 0x00 Val: 0x00000000
In clock cycle: 682
Register Write to Reg: 0x12 Val: 0x00000002
In clock cycle: 685
Register Write to Reg: 0x00 Val: 0x00000000
In clock cycle: 686
Register Write to Reg: 0x12 Val: 0x00000003
In clock cycle: 689
Register Write to Reg: 0x00 Val: 0x00000000
In clock cycle: 690
Register Write to Reg: 0x12 Val: 0x00000004
In clock cycle: 693
Register Write to Reg: 0x00 Val: 0x00000000
In clock cycle: 694
Register Write to Reg: 0x12 Val: 0x00000005
In clock cycle: 697
Register Write to Reg: 0x00 Val: 0x00000000
In clock cycle: 698
Register Write to Reg: 0x12 Val: 0x00000006
In clock cycle: 701
Register Write to Reg: 0x00 Val: 0x00000000
In clock cycle: 702
Register Write to Reg: 0x12 Val: 0x00000007
In clock cycle: 705
Register Write to Reg: 0x00 Val: 0x00000000
In clock cycle: 706
Register Write to Reg: 0x12 Val: 0x00000008
In clock cycle: 709
Register Write to Reg: 0x00 Val: 0x00000000
In clock cycle: 710
Register Write to Reg: 0x12 Val: 0x00000009
In clock cycle: 713
Register Write to Reg: 0x00 Val: 0x00000000
In clock cycle: 714
Register Write to Reg: 0x12 Val: 0x0000000A
In clock cycle: 717
Register Write to Reg: 0x00 Val: 0x00000000
In clock cycle: 718
Register Write to Reg: 0x12 Val: 0x0000000B
In clock cycle: 721
Register Write to Reg: 0x00 Val: 0x00000000
In clock cycle: 722
Register Write to Reg: 0x12 Val: 0x0000000C
In clock cycle: 725
Register Write to Reg: 0x00 Val: 0x00000000
In clock cycle: 726
Register Write to Reg: 0x12 Val: 0x0000000D
In clock cycle: 729
Register Write to Reg: 0x00 Val: 0x00000000
In clock cycle: 730
Register Write to Reg: 0x12 Val: 0x0000000E
In clock cycle: 733
Register Write to Reg: 0x00 Val: 0x00000000
In clock cycle: 734
Register Write to Reg: 0x12 Val: 0x0000000F
In clock cycle: 737
Register Write to Reg: 0x00 Val: 0x00000000
In clock cycle: 738
Register Write to Reg: 0x12 Val: 0x00000010
In clock cycle: 741
Register Write to Reg: 0x00 Val: 0x00000000
In clock cycle: 742
Register Write to Reg: 0x12 Val: 0x00000011
In clock cycle: 745
Register Write to Reg: 0x00 Val: 0x00000000
In clock cycle: 746
Register Write to Reg: 0x12 Val: 0x00000012
In clock cycle: 749
Register Write to Reg: 0x00 Val: 0x00000000
In clock cycle: 750
Register Write to Reg: 0x12 Val: 0x00000013
In clock cycle: 752
Register Write to Reg: 0x01 Val: 0x00000013
In clock cycle: 753
Register Write to Reg: 0x13 Val: 0x00000000
In clock cycle: 754
Register Write to Reg: 0x13 Val: 0x00000001
In clock cycle: 757
Register Write to Reg: 0x00 Val: 0x00000000
In clock cycle: 758
Register Write to Reg: 0x13 Val: 0x00000002
In clock cycle: 761
Register Write to Reg: 0x00 Val: 0x00000000
In clock cycle: 762
Register Write to Reg: 0x13 Val: 0x00000003
In clock cycle: 765
Register Write to Reg: 0x00 Val: 0x00000000
In clock cycle: 766
Register Write to Reg: 0x13 Val: 0x00000004
In clock cycle: 769
Register Write to Reg: 0x00 Val: 0x00000000
In clock cycle: 770
Register Write to Reg: 0x13 Val: 0x00000005
In clock cycle: 773
Register Write to Reg: 0x00 Val: 0x00000000
In clock cycle: 774
Register Write to Reg: 0x13 Val: 0x00000006
In clock cycle: 777
Register Write to Reg: 0x00 Val: 0x00000000
In clock cycle: 778
Register Write to Reg: 0x13 Val: 0x00000007
In clock cycle: 781
Register Write to Reg: 0x00 Val: 0x00000000
In clock cycle: 782
Register Write to Reg: 0x13 Val: 0x00000008
In clock cycle: 785
Register Write to Reg: 0x00 Val: 0x00000000
In clock cycle: 786
Register Write to Reg: 0x13 Val: 0x00000009
In clock cycle: 789
Register Write to Reg: 0x00 Val: 0x00000000
In clock cycle: 790
Register Write to Reg: 0x13 Val: 0x0000000A
In clock cycle: 793
Register Write to Reg: 0x00 Val: 0x00000000
In clock cycle: 794
Register Write to Reg: 0x13 Val: 0x0000000B
In clock cycle: 797
Register Write to Reg: 0x00 Val: 0x00000000
In clock cycle: 798
Register Write to Reg: 0x13 Val: 0x0000000C
In clock cycle: 801
Register Write to Reg: 0x00 Val: 0x00000000
In clock cycle: 802
Register Write to Reg: 0x13 Val: 0x0000000D
In clock cycle: 805
Register Write to Reg: 0x00 Val: 0x00000000
In clock cycle: 806
Register Write to Reg: 0x13 Val: 0x0000000E
In clock cycle: 809
Register Write to Reg: 0x00 Val: 0x00000000
In clock cycle: 810
Register Write to Reg: 0x13 Val: 0x0000000F
In clock cycle: 813
Register Write to Reg: 0x00 Val: 0x00000000
In clock cycle: 814
Register Write to Reg: 0x13 Val: 0x00000010
In clock cycle: 817
Register Write to Reg: 0x00 Val: 0x00000000
In clock cycle: 818
Register Write to Reg: 0x13 Val: 0x00000011
In clock cycle: 821
Register Write to Reg: 0x00 Val: 0x00000000
In clock cycle: 822
Register Write to Reg: 0x13 Val: 0x00000012
In clock cycle: 825
Register Write to Reg: 0x00 Val: 0x00000000
In clock cycle: 826
Register Write to Reg: 0x13 Val: 0x00000013
In clock cycle: 829
Register Write to Reg: 0x00 Val: 0x00000000
In clock cycle: 830
Register Write to Reg: 0x13 Val: 0x00000014
In clock cycle: 832
Register Write to Reg: 0x01 Val: 0x00000014
In clock cycle: 833
Register Write to Reg: 0x14 Val: 0x00000000
In clock cycle: 834
Register Write to Reg: 0x14 Val: 0x00000001
In clock cycle: 837
Register Write to Reg: 0x00 Val: 0x00000000
In clock cycle: 838
Register Write to Reg: 0x14 Val: 0x00000002
In clock cycle: 841
Register Write to Reg: 0x00 Val: 0x00000000
In clock cycle: 842
Register Write to Reg: 0x14 Val: 0x00000003
In clock cycle: 845
Register Write to Reg: 0x00 Val: 0x00000000
In clock cycle: 846
Register Write to Reg: 0x14 Val: 0x00000004
In clock cycle: 849
Register Write to Reg: 0x00 Val: 0x00000000
In clock cycle: 850
Register Write to Reg: 0x14 Val: 0x00000005
In clock cycle: 853
Register Write to Reg: 0x00 Val: 0x00000000
In clock cycle: 854
Register Write to Reg: 0x14 Val: 0x00000006
In clock cycle: 857
Register Write to Reg: 0x00 Val: 0x00000000
In clock cycle: 858
Register Write to Reg: 0x14 Val: 0x00000007
In clock cycle: 861
Register Write to Reg: 0x00 Val: 0x00000000
In clock cycle: 862
Register Write to Reg: 0x14 Val: 0x00000008
In clock cycle: 865
Register Write to Reg: 0x00 Val: 0x00000000
In clock cycle: 866
Register Write to Reg: 0x14 Val: 0x00000009
In clock cycle: 869
Register Write to Reg: 0x00 Val: 0x00000000
In clock cycle: 870
Register Write to Reg: 0x14 Val: 0x0000000A
In clock cycle: 873
Register Write to Reg: 0x00 Val: 0x00000000
In clock cycle: 874
Register Write to Reg: 0x14 Val: 0x0000000B
In clock cycle: 877
Register Write to Reg: 0x00 Val: 0x00000000
In clock cycle: 878
Register Write to Reg: 0x14 Val: 0x0000000C
In clock cycle: 881
Register Write to Reg: 0x00 Val: 0x00000000
In clock cycle: 882
Register Write to Reg: 0x14 Val: 0x0000000D
In clock cycle: 885
Register Write to Reg: 0x00 Val: 0x00000000
In clock cycle: 886
Register Write to Reg: 0x14 Val: 0x0000000E
In clock cycle: 889
Register Write to Reg: 0x00 Val: 0x00000000
In clock cycle: 890
Register Write to Reg: 0x14 Val: 0x0000000F
In clock cycle: 893
Register Write to Reg: 0x00 Val: 0x00000000
In clock cycle: 894
Register Write to Reg: 0x14 Val: 0x00000010
In clock cycle: 897
Register Write to Reg: 0x00 Val: 0x00000000
In clock cycle: 898
Register Write to Reg: 0x14 Val: 0x00000011
In clock cycle: 901
Register Write to Reg: 0x00 Val: 0x00000000
In clock cycle: 902
Register Write to Reg: 0x14 Val: 0x00000012
In clock cycle: 905
Register Write to Reg: 0x00 Val: 0x00000000
In clock cycle: 906
Register Write to Reg: 0x14 Val: 0x00000013
In clock cycle: 909
Register Write to Reg: 0x00 Val: 0x00000000
In clock cycle: 910
Register Write to Reg: 0x14 Val: 0x00000014
In clock cycle: 913
Register Write to Reg: 0x00 Val: 0x00000000
In clock cycle: 914
Register Write to Reg: 0x14 Val: 0x00000015
In clock cycle: 916
Register Write to Reg: 0x01 Val: 0x00000015
In clock cycle: 917
Register Write to Reg: 0x15 Val: 0x00000000
In clock cycle: 918
Register Write to Reg: 0x15 Val: 0x00000001
In clock cycle: 921
Register Write to Reg: 0x00 Val: 0x00000000
In clock cycle: 922
Register Write to Reg: 0x15 Val: 0x00000002
In clock cycle: 925
Register Write to Reg: 0x00 Val: 0x00000000
In clock cycle: 926
Register Write to Reg: 0x15 Val: 0x00000003
In clock cycle: 929
Register Write to Reg: 0x00 Val: 0x00000000
In clock cycle: 930
Register Write to Reg: 0x15 Val: 0x00000004
In clock cycle: 933
Register Write to Reg: 0x00 Val: 0x00000000
In clock cycle: 934
Register Write to Reg: 0x15 Val: 0x00000005
In clock cycle: 937
Register Write to Reg: 0x00 Val: 0x00000000
In clock cycle: 938
Register Write to Reg: 0x15 Val: 0x00000006
In clock cycle: 941
Register Write to Reg: 0x00 Val: 0x00000000
In clock cycle: 942
Register Write to Reg: 0x15 Val: 0x00000007
In clock cycle: 945
Register Write to Reg: 0x00 Val: 0x00000000
In clock cycle: 946
Register Write to Reg: 0x15 Val: 0x00000008
In clock cycle: 949
Register Write to Reg: 0x00 Val: 0x00000000
In clock cycle: 950
Register Write to Reg: 0x15 Val: 0x00000009
In clock cycle: 953
Register Write to Reg: 0x00 Val: 0x00000000
In clock cycle: 954
Register Write to Reg: 0x15 Val: 0x0000000A
In clock cycle: 957
Register Write to Reg: 0x00 Val: 0x00000000
In clock cycle: 958
Register Write to Reg: 0x15 Val: 0x0000000B
In clock cycle: 961
Register Write to Reg: 0x00 Val: 0x00000000
In clock cycle: 962
Register Write to Reg: 0x15 Val: 0x0000000C
In clock cycle: 965
Register Write to Reg: 0x00 Val: 0x00000000
In clock cycle: 966
Register Write to Reg: 0x15 Val: 0x0000000D
In clock cycle: 969
Register Write to Reg: 0x00 Val: 0x00000000
In clock cycle: 970
Register Write to Reg: 0x15 Val: 0x0000000E
In clock cycle: 973
Register Write to Reg: 0x00 Val: 0x00000000
In clock cycle: 974
Register Write to Reg: 0x15 Val: 0x0000000F
In clock cycle: 977
Register Write to Reg: 0x00 Val: 0x00000000
In clock cycle: 978
Register Write to Reg: 0x15 Val: 0x00000010
In clock cycle: 981
Register Write to Reg: 0x00 Val: 0x00000000
In clock cycle: 982
Register Write to Reg: 0x15 Val: 0x00000011
In clock cycle: 985
Register Write to Reg: 0x00 Val: 0x00000000
In clock cycle: 986
Register Write to Reg: 0x15 Val: 0x00000012
In clock cycle: 989
Register Write to Reg: 0x00 Val: 0x00000000
In clock cycle: 990
Register Write to Reg: 0x15 Val: 0x00000013
In clock cycle: 993
Register Write to Reg: 0x00 Val: 0x00000000
In clock cycle: 994
Register Write to Reg: 0x15 Val: 0x00000014
In clock cycle: 997
Register Write to Reg: 0x00 Val: 0x00000000
In clock cycle: 998
Register Write to Reg: 0x15 Val: 0x00000015
In clock cycle: 1001
Register Write to Reg: 0x00 Val: 0x00000000
In clock cycle: 1002
Register Write to Reg: 0x15 Val: 0x00000016
In clock cycle: 1004
Register Write to Reg: 0x01 Val: 0x00000016
In clock cycle: 1005
Register Write to Reg: 0x16 Val: 0x00000000
In clock cycle: 1006
Register Write to Reg: 0x16 Val: 0x00000001
In clock cycle: 1009
Register Write to Reg: 0x00 Val: 0x00000000
In clock cycle: 1010
Register Write to Reg: 0x16 Val: 0x00000002
In clock cycle: 1013
Register Write to Reg: 0x00 Val: 0x00000000
In clock cycle: 1014
Register Write to Reg: 0x16 Val: 0x00000003
In clock cycle: 1017
Register Write to Reg: 0x00 Val: 0x00000000
In clock cycle: 1018
Register Write to Reg: 0x16 Val: 0x00000004
In clock cycle: 1021
Register Write to Reg: 0x00 Val: 0x00000000
In clock cycle: 1022
Register Write to Reg: 0x16 Val: 0x00000005
In clock cycle: 1025
Register Write to Reg: 0x00 Val: 0x00000000
In clock cycle: 1026
Register Write to Reg: 0x16 Val: 0x00000006
In clock cycle: 1029
Register Write to Reg: 0x00 Val: 0x00000000
In clock cycle: 1030
Register Write to Reg: 0x16 Val: 0x00000007
In clock cycle: 1033
Register Write to Reg: 0x00 Val: 0x00000000
In clock cycle: 1034
Register Write to Reg: 0x16 Val: 0x00000008
In clock cycle: 1037
Register Write to Reg: 0x00 Val: 0x00000000
In clock cycle: 1038
Register Write to Reg: 0x16 Val: 0x00000009
In clock cycle: 1041
Register Write to Reg: 0x00 Val: 0x00000000
In clock cycle: 1042
Register Write to Reg: 0x16 Val: 0x0000000A
In clock cycle: 1045
Register Write to Reg: 0x00 Val: 0x00000000
In clock cycle: 1046
Register Write to Reg: 0x16 Val: 0x0000000B
In clock cycle: 1049
Register Write to Reg: 0x00 Val: 0x00000000
In clock cycle: 1050
Register Write to Reg: 0x16 Val: 0x0000000C
In clock cycle: 1053
Register Write to Reg: 0x00 Val: 0x00000000
In clock cycle: 1054
Register Write to Reg: 0x16 Val: 0x0000000D
In clock cycle: 1057
Register Write to Reg: 0x00 Val: 0x00000000
In clock cycle: 1058
Register Write to Reg: 0x16 Val: 0x0000000E
In clock cycle: 1061
Register Write to Reg: 0x00 Val: 0x00000000
In clock cycle: 1062
Register Write to Reg: 0x16 Val: 0x0000000F
In clock cycle: 1065
Register Write to Reg: 0x00 Val: 0x00000000
In clock cycle: 1066
Register Write to Reg: 0x16 Val: 0x00000010
In clock cycle: 1069
Register Write to Reg: 0x00 Val: 0x00000000
In clock cycle: 1070
Register Write to Reg: 0x16 Val: 0x00000011
In clock cycle: 1073
Register Write to Reg: 0x00 Val: 0x00000000
In clock cycle: 1074
Register Write to Reg: 0x16 Val: 0x00000012
In clock cycle: 1077
Register Write to Reg: 0x00 Val: 0x00000000
In clock cycle: 1078
Register Write to Reg: 0x16 Val: 0x00000013
In clock cycle: 1081
Register Write to Reg: 0x00 Val: 0x00000000
In clock cycle: 1082
Register Write to Reg: 0x16 Val: 0x00000014
In clock cycle: 1085
Register Write to Reg: 0x00 Val: 0x00000000
In clock cycle: 1086
Register Write to Reg: 0x16 Val: 0x00000015
In clock cycle: 1089
Register Write to Reg: 0x00 Val: 0x00000000
In clock cycle: 1090
Register Write to Reg: 0x16 Val: 0x00000016
In clock cycle: 1093
Register Write to Reg: 0x00 Val: 0x00000000
In clock cycle: 1094
Register Write to Reg: 0x16 Val: 0x00000017
In clock cycle: 1096
Register Write to Reg: 0x01 Val: 0x00000017
In clock cycle: 1097
Register Write to Reg: 0x17 Val: 0x00000000
In clock cycle: 1098
Register Write to Reg: 0x17 Val: 0x00000001
In clock cycle: 1101
Register Write to Reg: 0x00 Val: 0x00000000
In clock cycle: 1102
Register Write to Reg: 0x17 Val: 0x00000002
In clock cycle: 1105
Register Write to Reg: 0x00 Val: 0x00000000
In clock cycle: 1106
Register Write to Reg: 0x17 Val: 0x00000003
In clock cycle: 1109
Register Write to Reg: 0x00 Val: 0x00000000
In clock cycle: 1110
Register Write to Reg: 0x17 Val: 0x00000004
In clock cycle: 1113
Register Write to Reg: 0x00 Val: 0x00000000
In clock cycle: 1114
Register Write to Reg: 0x17 Val: 0x00000005
In clock cycle: 1117
Register Write to Reg: 0x00 Val: 0x00000000
In clock cycle: 1118
Register Write to Reg: 0x17 Val: 0x00000006
In clock cycle: 1121
Register Write to Reg: 0x00 Val: 0x00000000
In clock cycle: 1122
Register Write to Reg: 0x17 Val: 0x00000007
In clock cycle: 1125
Register Write to Reg: 0x00 Val: 0x00000000
In clock cycle: 1126
Register Write to Reg: 0x17 Val: 0x00000008
In clock cycle: 1129
Register Write to Reg: 0x00 Val: 0x00000000
In clock cycle: 1130
Register Write to Reg: 0x17 Val: 0x00000009
In clock cycle: 1133
Register Write to Reg: 0x00 Val: 0x00000000
In clock cycle: 1134
Register Write to Reg: 0x17 Val: 0x0000000A
In clock cycle: 1137
Register Write to Reg: 0x00 Val: 0x00000000
In clock cycle: 1138
Register Write to Reg: 0x17 Val: 0x0000000B
In clock cycle: 1141
Register Write to Reg: 0x00 Val: 0x00000000
In clock cycle: 1142
Register Write to Reg: 0x17 Val: 0x0000000C
In clock cycle: 1145
Register Write to Reg: 0x00 Val: 0x00000000
In clock cycle: 1146
Register Write to Reg: 0x17 Val: 0x0000000D
In clock cycle: 1149
Register Write to Reg: 0x00 Val: 0x00000000
In clock cycle: 1150
Register Write to Reg: 0x17 Val: 0x0000000E
In clock cycle: 1153
Register Write to Reg: 0x00 Val: 0x00000000
In clock cycle: 1154
Register Write to Reg: 0x17 Val: 0x0000000F
In clock cycle: 1157
Register Write to Reg: 0x00 Val: 0x00000000
In clock cycle: 1158
Register Write to Reg: 0x17 Val: 0x00000010
In clock cycle: 1161
Register Write to Reg: 0x00 Val: 0x00000000
In clock cycle: 1162
Register Write to Reg: 0x17 Val: 0x00000011
In clock cycle: 1165
Register Write to Reg: 0x00 Val: 0x00000000
In clock cycle: 1166
Register Write to Reg: 0x17 Val: 0x00000012
In clock cycle: 1169
Register Write to Reg: 0x00 Val: 0x00000000
In clock cycle: 1170
Register Write to Reg: 0x17 Val: 0x00000013
In clock cycle: 1173
Register Write to Reg: 0x00 Val: 0x00000000
In clock cycle: 1174
Register Write to Reg: 0x17 Val: 0x00000014
In clock cycle: 1177
Register Write to Reg: 0x00 Val: 0x00000000
In clock cycle: 1178
Register Write to Reg: 0x17 Val: 0x00000015
In clock cycle: 1181
Register Write to Reg: 0x00 Val: 0x00000000
In clock cycle: 1182
Register Write to Reg: 0x17 Val: 0x00000016
In clock cycle: 1185
Register Write to Reg: 0x00 Val: 0x00000000
In clock cycle: 1186
Register Write to Reg: 0x17 Val: 0x00000017
In clock cycle: 1189
Register Write to Reg: 0x00 Val: 0x00000000
In clock cycle: 1190
Register Write to Reg: 0x17 Val: 0x00000018
In clock cycle: 1192
Register Write to Reg: 0x01 Val: 0x00000018
In clock cycle: 1193
Register Write to Reg: 0x18 Val: 0x00000000
In clock cycle: 1194
Register Write to Reg: 0x18 Val: 0x00000001
In clock cycle: 1197
Register Write to Reg: 0x00 Val: 0x00000000
In clock cycle: 1198
Register Write to Reg: 0x18 Val: 0x00000002
In clock cycle: 1201
Register Write to Reg: 0x00 Val: 0x00000000
In clock cycle: 1202
Register Write to Reg: 0x18 Val: 0x00000003
In clock cycle: 1205
Register Write to Reg: 0x00 Val: 0x00000000
In clock cycle: 1206
Register Write to Reg: 0x18 Val: 0x00000004
In clock cycle: 1209
Register Write to Reg: 0x00 Val: 0x00000000
In clock cycle: 1210
Register Write to Reg: 0x18 Val: 0x00000005
In clock cycle: 1213
Register Write to Reg: 0x00 Val: 0x00000000
In clock cycle: 1214
Register Write to Reg: 0x18 Val: 0x00000006
In clock cycle: 1217
Register Write to Reg: 0x00 Val: 0x00000000
In clock cycle: 1218
Register Write to Reg: 0x18 Val: 0x00000007
In clock cycle: 1221
Register Write to Reg: 0x00 Val: 0x00000000
In clock cycle: 1222
Register Write to Reg: 0x18 Val: 0x00000008
In clock cycle: 1225
Register Write to Reg: 0x00 Val: 0x00000000
In clock cycle: 1226
Register Write to Reg: 0x18 Val: 0x00000009
In clock cycle: 1229
Register Write to Reg: 0x00 Val: 0x00000000
In clock cycle: 1230
Register Write to Reg: 0x18 Val: 0x0000000A
In clock cycle: 1233
Register Write to Reg: 0x00 Val: 0x00000000
In clock cycle: 1234
Register Write to Reg: 0x18 Val: 0x0000000B
In clock cycle: 1237
Register Write to Reg: 0x00 Val: 0x00000000
In clock cycle: 1238
Register Write to Reg: 0x18 Val: 0x0000000C
In clock cycle: 1241
Register Write to Reg: 0x00 Val: 0x00000000
In clock cycle: 1242
Register Write to Reg: 0x18 Val: 0x0000000D
In clock cycle: 1245
Register Write to Reg: 0x00 Val: 0x00000000
In clock cycle: 1246
Register Write to Reg: 0x18 Val: 0x0000000E
In clock cycle: 1249
Register Write to Reg: 0x00 Val: 0x00000000
In clock cycle: 1250
Register Write to Reg: 0x18 Val: 0x0000000F
In clock cycle: 1253
Register Write to Reg: 0x00 Val: 0x00000000
In clock cycle: 1254
Register Write to Reg: 0x18 Val: 0x00000010
In clock cycle: 1257
Register Write to Reg: 0x00 Val: 0x00000000
In clock cycle: 1258
Register Write to Reg: 0x18 Val: 0x00000011
In clock cycle: 1261
Register Write to Reg: 0x00 Val: 0x00000000
In clock cycle: 1262
Register Write to Reg: 0x18 Val: 0x00000012
In clock cycle: 1265
Register Write to Reg: 0x00 Val: 0x00000000
In clock cycle: 1266
Register Write to Reg: 0x18 Val: 0x00000013
In clock cycle: 1269
Register Write to Reg: 0x00 Val: 0x00000000
In clock cycle: 1270
Register Write to Reg: 0x18 Val: 0x00000014
In clock cycle: 1273
Register Write to Reg: 0x00 Val: 0x00000000
In clock cycle: 1274
Register Write to Reg: 0x18 Val: 0x00000015
In clock cycle: 1277
Register Write to Reg: 0x00 Val: 0x00000000
In clock cycle: 1278
Register Write to Reg: 0x18 Val: 0x00000016
In clock cycle: 1281
Register Write to Reg: 0x00 Val: 0x00000000
In clock cycle: 1282
Register Write to Reg: 0x18 Val: 0x00000017
In clock cycle: 1285
Register Write to Reg: 0x00 Val: 0x00000000
In clock cycle: 1286
Register Write to Reg: 0x18 Val: 0x00000018
In clock cycle: 1289
Register Write to Reg: 0x00 Val: 0x00000000
In clock cycle: 1290
Register Write to Reg: 0x18 Val: 0x00000019
In clock cycle: 1292
Register Write to Reg: 0x01 Val: 0x00000019
In clock cycle: 1293
Register Write to Reg: 0x19 Val: 0x00000000
In clock cycle: 1294
Register Write to Reg: 0x19 Val: 0x00000001
In clock cycle: 1297
Register Write to Reg: 0x00 Val: 0x00000000
In clock cycle: 1298
Register Write to Reg: 0x19 Val: 0x00000002
In clock cycle: 1301
Register Write to Reg: 0x00 Val: 0x00000000
In clock cycle: 1302
Register Write to Reg: 0x19 Val: 0x00000003
In clock cycle: 1305
Register Write to Reg: 0x00 Val: 0x00000000
In clock cycle: 1306
Register Write to Reg: 0x19 Val: 0x00000004
In clock cycle: 1309
Register Write to Reg: 0x00 Val: 0x00000000
In clock cycle: 1310
Register Write to Reg: 0x19 Val: 0x00000005
In clock cycle: 1313
Register Write to Reg: 0x00 Val: 0x00000000
In clock cycle: 1314
Register Write to Reg: 0x19 Val: 0x00000006
In clock cycle: 1317
Register Write to Reg: 0x00 Val: 0x00000000
In clock cycle: 1318
Register Write to Reg: 0x19 Val: 0x00000007
In clock cycle: 1321
Register Write to Reg: 0x00 Val: 0x00000000
In clock cycle: 1322
Register Write to Reg: 0x19 Val: 0x00000008
In clock cycle: 1325
Register Write to Reg: 0x00 Val: 0x00000000
In clock cycle: 1326
Register Write to Reg: 0x19 Val: 0x00000009
In clock cycle: 1329
Register Write to Reg: 0x00 Val: 0x00000000
In clock cycle: 1330
Register Write to Reg: 0x19 Val: 0x0000000A
In clock cycle: 1333
Register Write to Reg: 0x00 Val: 0x00000000
In clock cycle: 1334
Register Write to Reg: 0x19 Val: 0x0000000B
In clock cycle: 1337
Register Write to Reg: 0x00 Val: 0x00000000
In clock cycle: 1338
Register Write to Reg: 0x19 Val: 0x0000000C
In clock cycle: 1341
Register Write to Reg: 0x00 Val: 0x00000000
In clock cycle: 1342
Register Write to Reg: 0x19 Val: 0x0000000D
In clock cycle: 1345
Register Write to Reg: 0x00 Val: 0x00000000
In clock cycle: 1346
Register Write to Reg: 0x19 Val: 0x0000000E
In clock cycle: 1349
Register Write to Reg: 0x00 Val: 0x00000000
In clock cycle: 1350
Register Write to Reg: 0x19 Val: 0x0000000F
In clock cycle: 1353
Register Write to Reg: 0x00 Val: 0x00000000
In clock cycle: 1354
Register Write to Reg: 0x19 Val: 0x00000010
In clock cycle: 1357
Register Write to Reg: 0x00 Val: 0x00000000
In clock cycle: 1358
Register Write to Reg: 0x19 Val: 0x00000011
In clock cycle: 1361
Register Write to Reg: 0x00 Val: 0x00000000
In clock cycle: 1362
Register Write to Reg: 0x19 Val: 0x00000012
In clock cycle: 1365
Register Write to Reg: 0x00 Val: 0x00000000
In clock cycle: 1366
Register Write to Reg: 0x19 Val: 0x00000013
In clock cycle: 1369
Register Write to Reg: 0x00 Val: 0x00000000
In clock cycle: 1370
Register Write to Reg: 0x19 Val: 0x00000014
In clock cycle: 1373
Register Write to Reg: 0x00 Val: 0x00000000
In clock cycle: 1374
Register Write to Reg: 0x19 Val: 0x00000015
In clock cycle: 1377
Register Write to Reg: 0x00 Val: 0x00000000
In clock cycle: 1378
Register Write to Reg: 0x19 Val: 0x00000016
In clock cycle: 1381
Register Write to Reg: 0x00 Val: 0x00000000
In clock cycle: 1382
Register Write to Reg: 0x19 Val: 0x00000017
In clock cycle: 1385
Register Write to Reg: 0x00 Val: 0x00000000
In clock cycle: 1386
Register Write to Reg: 0x19 Val: 0x00000018
In clock cycle: 1389
Register Write to Reg: 0x00 Val: 0x00000000
In clock cycle: 1390
Register Write to Reg: 0x19 Val: 0x00000019
In clock cycle: 1393
Register Write to Reg: 0x00 Val: 0x00000000
In clock cycle: 1394
Register Write to Reg: 0x19 Val: 0x0000001A
In clock cycle: 1396
Register Write to Reg: 0x1A Val: 0x00000001
In clock cycle: 1399
Register Write to Reg: 0x00 Val: 0x00000000
In clock cycle: 1400
Register Write to Reg: 0x1B Val: 0x00000001
In clock cycle: 1402
Register Write to Reg: 0x1B Val: 0x00000420
In clock cycle: 1403
Register Write to Reg: 0x1C Val: 0xFFFFFFFF
In clock cycle: 1404
Register Write to Reg: 0x1D Val: 0xFFFFFFFE
In clock cycle: 1407
Register Write to Reg: 0x00 Val: 0x00000000
In clock cycle: 1408
Register Write to Reg: 0x1E Val: 0xFFFFFFFF
In clock cycle: 1409
Register Write to Reg: 0x1F Val: 0x00000001
In clock cycle: 1411
Register Write to Reg: 0x1F Val: 0x00000214
In clock cycle: 1412
Register Write to Reg: 0x00 Val: 0x00000006
Execution is stopping! Clock Cycle: 1412
