Info: *******************************************************************
Info: Running Quartus Prime Analysis & Synthesis
    Info: Version 20.1.1 Build 720 11/11/2020 SJ Standard Edition
    Info: Copyright (C) 2020  Intel Corporation. All rights reserved.
    Info: Your use of Intel Corporation's design tools, logic functions 
    Info: and other software and tools, and any partner logic 
    Info: functions, and any output files from any of the foregoing 
    Info: (including device programming or simulation files), and any 
    Info: associated documentation or information are expressly subject 
    Info: to the terms and conditions of the Intel Program License 
    Info: Subscription Agreement, the Intel Quartus Prime License Agreement,
    Info: the Intel FPGA IP License Agreement, or other applicable license
    Info: agreement, including, without limitation, that your use is for
    Info: the sole purpose of programming logic devices manufactured by
    Info: Intel and sold by Intel or its authorized distributors.  Please
    Info: refer to the applicable agreement for further details, at
    Info: https://fpgasoftware.intel.com/eula.
    Info: Processing started: Wed Mar  4 19:11:18 2026
Info: Command: quartus_map --read_settings_files=on --write_settings_files=off toolflow -c toolflow
Warning (18236): Number of processors has not been specified which may cause overloading on shared machines.  Set the global assignment NUM_PARALLEL_PROCESSORS in your QSF to an appropriate value for best performance.
Info (20030): Parallel compilation is enabled and will use 4 of the 4 processors detected
Info (12021): Found 2 design units, including 0 entities, in source file /home/davidnr/CPRE_381/CPRE381_Proj2_HW/proj/src/RISCV_types.vhd
    Info (12022): Found design unit 1: RISCV_types File: /home/davidnr/CPRE_381/CPRE381_Proj2_HW/proj/src/RISCV_types.vhd Line: 15
    Info (12022): Found design unit 2: RISCV_types-body File: /home/davidnr/CPRE_381/CPRE381_Proj2_HW/proj/src/RISCV_types.vhd Line: 29
Info (12021): Found 2 design units, including 1 entities, in source file /home/davidnr/CPRE_381/CPRE381_Proj2_HW/proj/src/TopLevel/RISCV_Processor.vhd
    Info (12022): Found design unit 1: RISCV_Processor-structure File: /home/davidnr/CPRE_381/CPRE381_Proj2_HW/proj/src/TopLevel/RISCV_Processor.vhd Line: 31
    Info (12023): Found entity 1: RISCV_Processor File: /home/davidnr/CPRE_381/CPRE381_Proj2_HW/proj/src/TopLevel/RISCV_Processor.vhd Line: 20
Info (12021): Found 2 design units, including 1 entities, in source file /home/davidnr/CPRE_381/CPRE381_Proj2_HW/proj/src/TopLevel/mem.vhd
    Info (12022): Found design unit 1: mem-rtl File: /home/davidnr/CPRE_381/CPRE381_Proj2_HW/proj/src/TopLevel/mem.vhd Line: 27
    Info (12023): Found entity 1: mem File: /home/davidnr/CPRE_381/CPRE381_Proj2_HW/proj/src/TopLevel/mem.vhd Line: 8
Info (12021): Found 2 design units, including 1 entities, in source file /home/davidnr/CPRE_381/CPRE381_Proj2_HW/proj/src/alu/adder.vhd
    Info (12022): Found design unit 1: adder-structural File: /home/davidnr/CPRE_381/CPRE381_Proj2_HW/proj/src/alu/adder.vhd Line: 27
    Info (12023): Found entity 1: adder File: /home/davidnr/CPRE_381/CPRE381_Proj2_HW/proj/src/alu/adder.vhd Line: 16
Info (12021): Found 2 design units, including 1 entities, in source file /home/davidnr/CPRE_381/CPRE381_Proj2_HW/proj/src/alu/adder_S.vhd
    Info (12022): Found design unit 1: adder_S-structural File: /home/davidnr/CPRE_381/CPRE381_Proj2_HW/proj/src/alu/adder_S.vhd Line: 28
    Info (12023): Found entity 1: adder_S File: /home/davidnr/CPRE_381/CPRE381_Proj2_HW/proj/src/alu/adder_S.vhd Line: 20
Info (12021): Found 2 design units, including 1 entities, in source file /home/davidnr/CPRE_381/CPRE381_Proj2_HW/proj/src/alu/alu.vhd
    Info (12022): Found design unit 1: alu-structural File: /home/davidnr/CPRE_381/CPRE381_Proj2_HW/proj/src/alu/alu.vhd Line: 42
    Info (12023): Found entity 1: alu File: /home/davidnr/CPRE_381/CPRE381_Proj2_HW/proj/src/alu/alu.vhd Line: 16
Info (12021): Found 2 design units, including 1 entities, in source file /home/davidnr/CPRE_381/CPRE381_Proj2_HW/proj/src/alu/alu_decoder.vhd
    Info (12022): Found design unit 1: alu_decoder-dataflow File: /home/davidnr/CPRE_381/CPRE381_Proj2_HW/proj/src/alu/alu_decoder.vhd Line: 26
    Info (12023): Found entity 1: alu_decoder File: /home/davidnr/CPRE_381/CPRE381_Proj2_HW/proj/src/alu/alu_decoder.vhd Line: 16
Info (12021): Found 2 design units, including 1 entities, in source file /home/davidnr/CPRE_381/CPRE381_Proj2_HW/proj/src/alu/and32.vhd
    Info (12022): Found design unit 1: and32-dataflow File: /home/davidnr/CPRE_381/CPRE381_Proj2_HW/proj/src/alu/and32.vhd Line: 24
    Info (12023): Found entity 1: and32 File: /home/davidnr/CPRE_381/CPRE381_Proj2_HW/proj/src/alu/and32.vhd Line: 16
Info (12021): Found 2 design units, including 1 entities, in source file /home/davidnr/CPRE_381/CPRE381_Proj2_HW/proj/src/alu/andg2.vhd
    Info (12022): Found design unit 1: andg2-dataflow File: /home/davidnr/CPRE_381/CPRE381_Proj2_HW/proj/src/alu/andg2.vhd Line: 31
    Info (12023): Found entity 1: andg2 File: /home/davidnr/CPRE_381/CPRE381_Proj2_HW/proj/src/alu/andg2.vhd Line: 23
Info (12021): Found 2 design units, including 1 entities, in source file /home/davidnr/CPRE_381/CPRE381_Proj2_HW/proj/src/alu/barrel_shifter.vhd
    Info (12022): Found design unit 1: barrel_shifter-structural File: /home/davidnr/CPRE_381/CPRE381_Proj2_HW/proj/src/alu/barrel_shifter.vhd Line: 28
    Info (12023): Found entity 1: barrel_shifter File: /home/davidnr/CPRE_381/CPRE381_Proj2_HW/proj/src/alu/barrel_shifter.vhd Line: 16
Info (12021): Found 2 design units, including 1 entities, in source file /home/davidnr/CPRE_381/CPRE381_Proj2_HW/proj/src/alu/mux_8t1_32.vhd
    Info (12022): Found design unit 1: mux8t1_32-dataflow File: /home/davidnr/CPRE_381/CPRE381_Proj2_HW/proj/src/alu/mux_8t1_32.vhd Line: 31
    Info (12023): Found entity 1: mux8t1_32 File: /home/davidnr/CPRE_381/CPRE381_Proj2_HW/proj/src/alu/mux_8t1_32.vhd Line: 16
Info (12021): Found 2 design units, including 1 entities, in source file /home/davidnr/CPRE_381/CPRE381_Proj2_HW/proj/src/alu/nor32t1.vhd
    Info (12022): Found design unit 1: nor32t1-dataflow File: /home/davidnr/CPRE_381/CPRE381_Proj2_HW/proj/src/alu/nor32t1.vhd Line: 23
    Info (12023): Found entity 1: nor32t1 File: /home/davidnr/CPRE_381/CPRE381_Proj2_HW/proj/src/alu/nor32t1.vhd Line: 16
Info (12021): Found 2 design units, including 1 entities, in source file /home/davidnr/CPRE_381/CPRE381_Proj2_HW/proj/src/alu/or32.vhd
    Info (12022): Found design unit 1: or32-dataflow File: /home/davidnr/CPRE_381/CPRE381_Proj2_HW/proj/src/alu/or32.vhd Line: 24
    Info (12023): Found entity 1: or32 File: /home/davidnr/CPRE_381/CPRE381_Proj2_HW/proj/src/alu/or32.vhd Line: 16
Info (12021): Found 2 design units, including 1 entities, in source file /home/davidnr/CPRE_381/CPRE381_Proj2_HW/proj/src/alu/org2.vhd
    Info (12022): Found design unit 1: org2-dataflow File: /home/davidnr/CPRE_381/CPRE381_Proj2_HW/proj/src/alu/org2.vhd Line: 31
    Info (12023): Found entity 1: org2 File: /home/davidnr/CPRE_381/CPRE381_Proj2_HW/proj/src/alu/org2.vhd Line: 23
Info (12021): Found 2 design units, including 1 entities, in source file /home/davidnr/CPRE_381/CPRE381_Proj2_HW/proj/src/alu/xor32.vhd
    Info (12022): Found design unit 1: xor32-dataflow File: /home/davidnr/CPRE_381/CPRE381_Proj2_HW/proj/src/alu/xor32.vhd Line: 24
    Info (12023): Found entity 1: xor32 File: /home/davidnr/CPRE_381/CPRE381_Proj2_HW/proj/src/alu/xor32.vhd Line: 16
Info (12021): Found 2 design units, including 1 entities, in source file /home/davidnr/CPRE_381/CPRE381_Proj2_HW/proj/src/alu/xorg2.vhd
    Info (12022): Found design unit 1: xorg2-dataflow File: /home/davidnr/CPRE_381/CPRE381_Proj2_HW/proj/src/alu/xorg2.vhd Line: 31
    Info (12023): Found entity 1: xorg2 File: /home/davidnr/CPRE_381/CPRE381_Proj2_HW/proj/src/alu/xorg2.vhd Line: 23
Info (15248): File "/home/davidnr/CPRE_381/CPRE381_Proj2_HW/proj/src/barrel_shifter.vhd" is a duplicate of already analyzed file "/home/davidnr/CPRE_381/CPRE381_Proj2_HW/proj/src/alu/barrel_shifter.vhd" (same filename, same library name and same md5 digest). Skipping analysis of this file.
Info (12021): Found 0 design units, including 0 entities, in source file /home/davidnr/CPRE_381/CPRE381_Proj2_HW/proj/src/barrel_shifter.vhd
Info (12021): Found 2 design units, including 1 entities, in source file /home/davidnr/CPRE_381/CPRE381_Proj2_HW/proj/src/control_decoder.vhd
    Info (12022): Found design unit 1: control_decoder-dataflow File: /home/davidnr/CPRE_381/CPRE381_Proj2_HW/proj/src/control_decoder.vhd Line: 35
    Info (12023): Found entity 1: control_decoder File: /home/davidnr/CPRE_381/CPRE381_Proj2_HW/proj/src/control_decoder.vhd Line: 17
Info (12021): Found 1 design units, including 0 entities, in source file /home/davidnr/CPRE_381/CPRE381_Proj2_HW/proj/src/custom_types.vhd
    Info (12022): Found design unit 1: custom_types File: /home/davidnr/CPRE_381/CPRE381_Proj2_HW/proj/src/custom_types.vhd Line: 18
Info (12021): Found 2 design units, including 1 entities, in source file /home/davidnr/CPRE_381/CPRE381_Proj2_HW/proj/src/data_forwarder.vhd
    Info (12022): Found design unit 1: data_forwarder-dataflow File: /home/davidnr/CPRE_381/CPRE381_Proj2_HW/proj/src/data_forwarder.vhd Line: 65
    Info (12023): Found entity 1: data_forwarder File: /home/davidnr/CPRE_381/CPRE381_Proj2_HW/proj/src/data_forwarder.vhd Line: 15
Info (12021): Found 2 design units, including 1 entities, in source file /home/davidnr/CPRE_381/CPRE381_Proj2_HW/proj/src/fetch_logic.vhd
    Info (12022): Found design unit 1: fetch_logic-mixed File: /home/davidnr/CPRE_381/CPRE381_Proj2_HW/proj/src/fetch_logic.vhd Line: 47
    Info (12023): Found entity 1: fetch_logic File: /home/davidnr/CPRE_381/CPRE381_Proj2_HW/proj/src/fetch_logic.vhd Line: 16
Info (12021): Found 2 design units, including 1 entities, in source file /home/davidnr/CPRE_381/CPRE381_Proj2_HW/proj/src/hazard_detector.vhd
    Info (12022): Found design unit 1: hazard_detector-dataflow File: /home/davidnr/CPRE_381/CPRE381_Proj2_HW/proj/src/hazard_detector.vhd Line: 34
    Info (12023): Found entity 1: hazard_detector File: /home/davidnr/CPRE_381/CPRE381_Proj2_HW/proj/src/hazard_detector.vhd Line: 15
Info (12021): Found 2 design units, including 1 entities, in source file /home/davidnr/CPRE_381/CPRE381_Proj2_HW/proj/src/imm_gen.vhd
    Info (12022): Found design unit 1: imm_gen-dataflow File: /home/davidnr/CPRE_381/CPRE381_Proj2_HW/proj/src/imm_gen.vhd Line: 32
    Info (12023): Found entity 1: imm_gen File: /home/davidnr/CPRE_381/CPRE381_Proj2_HW/proj/src/imm_gen.vhd Line: 16
Info (12021): Found 2 design units, including 1 entities, in source file /home/davidnr/CPRE_381/CPRE381_Proj2_HW/proj/src/mem_slice.vhd
    Info (12022): Found design unit 1: mem_slice-dataflow File: /home/davidnr/CPRE_381/CPRE381_Proj2_HW/proj/src/mem_slice.vhd Line: 32
    Info (12023): Found entity 1: mem_slice File: /home/davidnr/CPRE_381/CPRE381_Proj2_HW/proj/src/mem_slice.vhd Line: 16
Info (12021): Found 2 design units, including 1 entities, in source file /home/davidnr/CPRE_381/CPRE381_Proj2_HW/proj/src/mux2t1.vhd
    Info (12022): Found design unit 1: mux2t1-dataflow File: /home/davidnr/CPRE_381/CPRE381_Proj2_HW/proj/src/mux2t1.vhd Line: 25
    Info (12023): Found entity 1: mux2t1 File: /home/davidnr/CPRE_381/CPRE381_Proj2_HW/proj/src/mux2t1.vhd Line: 16
Info (12021): Found 2 design units, including 1 entities, in source file /home/davidnr/CPRE_381/CPRE381_Proj2_HW/proj/src/pipeline_stages/EX_MEM.vhd
    Info (12022): Found design unit 1: EX_MEM_stage-structure File: /home/davidnr/CPRE_381/CPRE381_Proj2_HW/proj/src/pipeline_stages/EX_MEM.vhd Line: 65
    Info (12023): Found entity 1: EX_MEM_stage File: /home/davidnr/CPRE_381/CPRE381_Proj2_HW/proj/src/pipeline_stages/EX_MEM.vhd Line: 18
Info (12021): Found 2 design units, including 1 entities, in source file /home/davidnr/CPRE_381/CPRE381_Proj2_HW/proj/src/pipeline_stages/ID_EX.vhd
    Info (12022): Found design unit 1: ID_EX_stage-structure File: /home/davidnr/CPRE_381/CPRE381_Proj2_HW/proj/src/pipeline_stages/ID_EX.vhd Line: 77
    Info (12023): Found entity 1: ID_EX_stage File: /home/davidnr/CPRE_381/CPRE381_Proj2_HW/proj/src/pipeline_stages/ID_EX.vhd Line: 18
Info (12021): Found 2 design units, including 1 entities, in source file /home/davidnr/CPRE_381/CPRE381_Proj2_HW/proj/src/pipeline_stages/IF_ID.vhd
    Info (12022): Found design unit 1: IF_ID_stage-structure File: /home/davidnr/CPRE_381/CPRE381_Proj2_HW/proj/src/pipeline_stages/IF_ID.vhd Line: 37
    Info (12023): Found entity 1: IF_ID_stage File: /home/davidnr/CPRE_381/CPRE381_Proj2_HW/proj/src/pipeline_stages/IF_ID.vhd Line: 18
Info (12021): Found 2 design units, including 1 entities, in source file /home/davidnr/CPRE_381/CPRE381_Proj2_HW/proj/src/pipeline_stages/MEM_WB.vhd
    Info (12022): Found design unit 1: MEM_WB_stage-structure File: /home/davidnr/CPRE_381/CPRE381_Proj2_HW/proj/src/pipeline_stages/MEM_WB.vhd Line: 58
    Info (12023): Found entity 1: MEM_WB_stage File: /home/davidnr/CPRE_381/CPRE381_Proj2_HW/proj/src/pipeline_stages/MEM_WB.vhd Line: 18
Info (12021): Found 2 design units, including 1 entities, in source file /home/davidnr/CPRE_381/CPRE381_Proj2_HW/proj/src/reg_file/decoder_5_32.vhd
    Info (12022): Found design unit 1: decoder_5_32-dataflow File: /home/davidnr/CPRE_381/CPRE381_Proj2_HW/proj/src/reg_file/decoder_5_32.vhd Line: 24
    Info (12023): Found entity 1: decoder_5_32 File: /home/davidnr/CPRE_381/CPRE381_Proj2_HW/proj/src/reg_file/decoder_5_32.vhd Line: 17
Info (12021): Found 2 design units, including 1 entities, in source file /home/davidnr/CPRE_381/CPRE381_Proj2_HW/proj/src/reg_file/dffg.vhd
    Info (12022): Found design unit 1: dffg-mixed File: /home/davidnr/CPRE_381/CPRE381_Proj2_HW/proj/src/reg_file/dffg.vhd Line: 35
    Info (12023): Found entity 1: dffg File: /home/davidnr/CPRE_381/CPRE381_Proj2_HW/proj/src/reg_file/dffg.vhd Line: 21
Info (12021): Found 2 design units, including 1 entities, in source file /home/davidnr/CPRE_381/CPRE381_Proj2_HW/proj/src/reg_file/mux_32_32.vhd
    Info (12022): Found design unit 1: mux_32_32-dataflow File: /home/davidnr/CPRE_381/CPRE381_Proj2_HW/proj/src/reg_file/mux_32_32.vhd Line: 25
    Info (12023): Found entity 1: mux_32_32 File: /home/davidnr/CPRE_381/CPRE381_Proj2_HW/proj/src/reg_file/mux_32_32.vhd Line: 17
Info (12021): Found 2 design units, including 1 entities, in source file /home/davidnr/CPRE_381/CPRE381_Proj2_HW/proj/src/reg_file/reg_file.vhd
    Info (12022): Found design unit 1: reg_file-mixed File: /home/davidnr/CPRE_381/CPRE381_Proj2_HW/proj/src/reg_file/reg_file.vhd Line: 33
    Info (12023): Found entity 1: reg_file File: /home/davidnr/CPRE_381/CPRE381_Proj2_HW/proj/src/reg_file/reg_file.vhd Line: 18
Info (12021): Found 2 design units, including 1 entities, in source file /home/davidnr/CPRE_381/CPRE381_Proj2_HW/proj/src/reg_file/reg_n.vhd
    Info (12022): Found design unit 1: reg_n-structural File: /home/davidnr/CPRE_381/CPRE381_Proj2_HW/proj/src/reg_file/reg_n.vhd Line: 32
    Info (12023): Found entity 1: reg_n File: /home/davidnr/CPRE_381/CPRE381_Proj2_HW/proj/src/reg_file/reg_n.vhd Line: 17
Info (12127): Elaborating entity "RISCV_Processor" for the top level hierarchy
Warning (10036): Verilog HDL or VHDL warning at RISCV_Processor.vhd(50): object "s_Halt" assigned a value but never read File: /home/davidnr/CPRE_381/CPRE381_Proj2_HW/proj/src/TopLevel/RISCV_Processor.vhd Line: 50
Warning (10036): Verilog HDL or VHDL warning at RISCV_Processor.vhd(54): object "s_Ovfl" assigned a value but never read File: /home/davidnr/CPRE_381/CPRE381_Proj2_HW/proj/src/TopLevel/RISCV_Processor.vhd Line: 54
Info (12128): Elaborating entity "mem" for hierarchy "mem:IMem" File: /home/davidnr/CPRE_381/CPRE381_Proj2_HW/proj/src/TopLevel/RISCV_Processor.vhd Line: 503
Info (12128): Elaborating entity "control_decoder" for hierarchy "control_decoder:g_control_decoder" File: /home/davidnr/CPRE_381/CPRE381_Proj2_HW/proj/src/TopLevel/RISCV_Processor.vhd Line: 529
Info (12128): Elaborating entity "imm_gen" for hierarchy "imm_gen:g_imm_gen" File: /home/davidnr/CPRE_381/CPRE381_Proj2_HW/proj/src/TopLevel/RISCV_Processor.vhd Line: 544
Info (12128): Elaborating entity "reg_file" for hierarchy "reg_file:g_reg_file" File: /home/davidnr/CPRE_381/CPRE381_Proj2_HW/proj/src/TopLevel/RISCV_Processor.vhd Line: 550
Info (12128): Elaborating entity "decoder_5_32" for hierarchy "reg_file:g_reg_file|decoder_5_32:write_decoder" File: /home/davidnr/CPRE_381/CPRE381_Proj2_HW/proj/src/reg_file/reg_file.vhd Line: 70
Info (12128): Elaborating entity "reg_n" for hierarchy "reg_file:g_reg_file|reg_n:G_SP" File: /home/davidnr/CPRE_381/CPRE381_Proj2_HW/proj/src/reg_file/reg_file.vhd Line: 79
Info (12128): Elaborating entity "dffg" for hierarchy "reg_file:g_reg_file|reg_n:G_SP|dffg:\G_NBit_REG:0:REGI" File: /home/davidnr/CPRE_381/CPRE381_Proj2_HW/proj/src/reg_file/reg_n.vhd Line: 52
Info (12128): Elaborating entity "dffg" for hierarchy "reg_file:g_reg_file|reg_n:G_SP|dffg:\G_NBit_REG:2:REGI" File: /home/davidnr/CPRE_381/CPRE381_Proj2_HW/proj/src/reg_file/reg_n.vhd Line: 52
Info (12128): Elaborating entity "reg_n" for hierarchy "reg_file:g_reg_file|reg_n:\G_N_REGS:1:regs:REGI" File: /home/davidnr/CPRE_381/CPRE381_Proj2_HW/proj/src/reg_file/reg_file.vhd Line: 94
Info (12128): Elaborating entity "mux_32_32" for hierarchy "reg_file:g_reg_file|mux_32_32:read_mux1" File: /home/davidnr/CPRE_381/CPRE381_Proj2_HW/proj/src/reg_file/reg_file.vhd Line: 109
Info (12128): Elaborating entity "alu" for hierarchy "alu:g_ALU" File: /home/davidnr/CPRE_381/CPRE381_Proj2_HW/proj/src/TopLevel/RISCV_Processor.vhd Line: 572
Info (12128): Elaborating entity "alu_decoder" for hierarchy "alu:g_ALU|alu_decoder:g_Alu_Decode" File: /home/davidnr/CPRE_381/CPRE381_Proj2_HW/proj/src/alu/alu.vhd Line: 136
Info (12128): Elaborating entity "adder" for hierarchy "alu:g_ALU|adder:g_Adder" File: /home/davidnr/CPRE_381/CPRE381_Proj2_HW/proj/src/alu/alu.vhd Line: 146
Info (12128): Elaborating entity "adder_S" for hierarchy "alu:g_ALU|adder:g_Adder|adder_S:g_Adder0" File: /home/davidnr/CPRE_381/CPRE381_Proj2_HW/proj/src/alu/adder.vhd Line: 40
Info (12128): Elaborating entity "andg2" for hierarchy "alu:g_ALU|adder:g_Adder|adder_S:g_Adder0|andg2:g_And1" File: /home/davidnr/CPRE_381/CPRE381_Proj2_HW/proj/src/alu/adder_S.vhd Line: 52
Info (12128): Elaborating entity "xorg2" for hierarchy "alu:g_ALU|adder:g_Adder|adder_S:g_Adder0|xorg2:g_Xor1" File: /home/davidnr/CPRE_381/CPRE381_Proj2_HW/proj/src/alu/adder_S.vhd Line: 62
Info (12128): Elaborating entity "org2" for hierarchy "alu:g_ALU|adder:g_Adder|adder_S:g_Adder0|org2:g_Or" File: /home/davidnr/CPRE_381/CPRE381_Proj2_HW/proj/src/alu/adder_S.vhd Line: 72
Info (12128): Elaborating entity "xor32" for hierarchy "alu:g_ALU|xor32:g_Inverter" File: /home/davidnr/CPRE_381/CPRE381_Proj2_HW/proj/src/alu/alu.vhd Line: 160
Info (12128): Elaborating entity "and32" for hierarchy "alu:g_ALU|and32:g_And" File: /home/davidnr/CPRE_381/CPRE381_Proj2_HW/proj/src/alu/alu.vhd Line: 167
Info (12128): Elaborating entity "or32" for hierarchy "alu:g_ALU|or32:g_Or" File: /home/davidnr/CPRE_381/CPRE381_Proj2_HW/proj/src/alu/alu.vhd Line: 174
Info (12128): Elaborating entity "barrel_shifter" for hierarchy "alu:g_ALU|barrel_shifter:g_Shift" File: /home/davidnr/CPRE_381/CPRE381_Proj2_HW/proj/src/alu/alu.vhd Line: 188
Info (12128): Elaborating entity "mux2t1" for hierarchy "alu:g_ALU|barrel_shifter:g_Shift|mux2t1:g_sign_extend" File: /home/davidnr/CPRE_381/CPRE381_Proj2_HW/proj/src/alu/barrel_shifter.vhd Line: 44
Info (12128): Elaborating entity "nor32t1" for hierarchy "alu:g_ALU|nor32t1:g_Nor" File: /home/davidnr/CPRE_381/CPRE381_Proj2_HW/proj/src/alu/alu.vhd Line: 197
Info (12128): Elaborating entity "mux8t1_32" for hierarchy "alu:g_ALU|mux8t1_32:g_Mux_Out" File: /home/davidnr/CPRE_381/CPRE381_Proj2_HW/proj/src/alu/alu.vhd Line: 220
Info (12128): Elaborating entity "fetch_logic" for hierarchy "fetch_logic:g_fetch_logic" File: /home/davidnr/CPRE_381/CPRE381_Proj2_HW/proj/src/TopLevel/RISCV_Processor.vhd Line: 588
Info (12128): Elaborating entity "reg_n" for hierarchy "fetch_logic:g_fetch_logic|reg_n:g_PC" File: /home/davidnr/CPRE_381/CPRE381_Proj2_HW/proj/src/fetch_logic.vhd Line: 81
Info (12128): Elaborating entity "dffg" for hierarchy "fetch_logic:g_fetch_logic|reg_n:g_PC|dffg:\G_NBit_REG:0:REGI" File: /home/davidnr/CPRE_381/CPRE381_Proj2_HW/proj/src/reg_file/reg_n.vhd Line: 52
Info (12128): Elaborating entity "dffg" for hierarchy "fetch_logic:g_fetch_logic|reg_n:g_PC|dffg:\G_NBit_REG:22:REGI" File: /home/davidnr/CPRE_381/CPRE381_Proj2_HW/proj/src/reg_file/reg_n.vhd Line: 52
Info (12128): Elaborating entity "mem_slice" for hierarchy "mem_slice:g_mem_slice" File: /home/davidnr/CPRE_381/CPRE381_Proj2_HW/proj/src/TopLevel/RISCV_Processor.vhd Line: 608
Info (12128): Elaborating entity "IF_ID_stage" for hierarchy "IF_ID_stage:IF_ID" File: /home/davidnr/CPRE_381/CPRE381_Proj2_HW/proj/src/TopLevel/RISCV_Processor.vhd Line: 624
Info (12128): Elaborating entity "reg_n" for hierarchy "IF_ID_stage:IF_ID|reg_n:inst_reg" File: /home/davidnr/CPRE_381/CPRE381_Proj2_HW/proj/src/pipeline_stages/IF_ID.vhd Line: 68
Info (12128): Elaborating entity "hazard_detector" for hierarchy "hazard_detector:g_hazard_detection" File: /home/davidnr/CPRE_381/CPRE381_Proj2_HW/proj/src/TopLevel/RISCV_Processor.vhd Line: 641
Info (12128): Elaborating entity "data_forwarder" for hierarchy "data_forwarder:g_data_forward" File: /home/davidnr/CPRE_381/CPRE381_Proj2_HW/proj/src/TopLevel/RISCV_Processor.vhd Line: 657
Info (12128): Elaborating entity "ID_EX_stage" for hierarchy "ID_EX_stage:ID_EX" File: /home/davidnr/CPRE_381/CPRE381_Proj2_HW/proj/src/TopLevel/RISCV_Processor.vhd Line: 720
Info (12128): Elaborating entity "dffg" for hierarchy "ID_EX_stage:ID_EX|dffg:ALU_src_reg" File: /home/davidnr/CPRE_381/CPRE381_Proj2_HW/proj/src/pipeline_stages/ID_EX.vhd Line: 109
Info (12128): Elaborating entity "reg_n" for hierarchy "ID_EX_stage:ID_EX|reg_n:ALU_control_reg" File: /home/davidnr/CPRE_381/CPRE381_Proj2_HW/proj/src/pipeline_stages/ID_EX.vhd Line: 118
Info (12128): Elaborating entity "reg_n" for hierarchy "ID_EX_stage:ID_EX|reg_n:result_src_reg" File: /home/davidnr/CPRE_381/CPRE381_Proj2_HW/proj/src/pipeline_stages/ID_EX.vhd Line: 130
Info (12128): Elaborating entity "reg_n" for hierarchy "ID_EX_stage:ID_EX|reg_n:mem_slice_reg" File: /home/davidnr/CPRE_381/CPRE381_Proj2_HW/proj/src/pipeline_stages/ID_EX.vhd Line: 180
Info (12128): Elaborating entity "reg_n" for hierarchy "ID_EX_stage:ID_EX|reg_n:rd_reg" File: /home/davidnr/CPRE_381/CPRE381_Proj2_HW/proj/src/pipeline_stages/ID_EX.vhd Line: 212
Info (12128): Elaborating entity "EX_MEM_stage" for hierarchy "EX_MEM_stage:EX_MEM" File: /home/davidnr/CPRE_381/CPRE381_Proj2_HW/proj/src/TopLevel/RISCV_Processor.vhd Line: 773
Info (12128): Elaborating entity "MEM_WB_stage" for hierarchy "MEM_WB_stage:MEM_WB" File: /home/davidnr/CPRE_381/CPRE381_Proj2_HW/proj/src/TopLevel/RISCV_Processor.vhd Line: 811
Warning (276020): Inferred RAM node "mem:DMem|ram_rtl_0" from synchronous design logic.  Pass-through logic has been added to match the read-during-write behavior of the original design.
Warning (276027): Inferred dual-clock RAM node "mem:IMem|ram_rtl_0" from synchronous design logic.  The read-during-write behavior of a dual-clock RAM is undefined and may not match the behavior of the original design.
Info (19000): Inferred 2 megafunctions from design logic
    Info (276029): Inferred altsyncram megafunction from the following design logic: "mem:DMem|ram_rtl_0" 
        Info (286033): Parameter OPERATION_MODE set to DUAL_PORT
        Info (286033): Parameter WIDTH_A set to 32
        Info (286033): Parameter WIDTHAD_A set to 10
        Info (286033): Parameter NUMWORDS_A set to 1024
        Info (286033): Parameter WIDTH_B set to 32
        Info (286033): Parameter WIDTHAD_B set to 10
        Info (286033): Parameter NUMWORDS_B set to 1024
        Info (286033): Parameter ADDRESS_ACLR_A set to NONE
        Info (286033): Parameter OUTDATA_REG_B set to UNREGISTERED
        Info (286033): Parameter ADDRESS_ACLR_B set to NONE
        Info (286033): Parameter OUTDATA_ACLR_B set to NONE
        Info (286033): Parameter ADDRESS_REG_B set to CLOCK0
        Info (286033): Parameter INDATA_ACLR_A set to NONE
        Info (286033): Parameter WRCONTROL_ACLR_A set to NONE
    Info (276029): Inferred altsyncram megafunction from the following design logic: "mem:IMem|ram_rtl_0" 
        Info (286033): Parameter OPERATION_MODE set to DUAL_PORT
        Info (286033): Parameter WIDTH_A set to 32
        Info (286033): Parameter WIDTHAD_A set to 10
        Info (286033): Parameter NUMWORDS_A set to 1024
        Info (286033): Parameter WIDTH_B set to 32
        Info (286033): Parameter WIDTHAD_B set to 10
        Info (286033): Parameter NUMWORDS_B set to 1024
        Info (286033): Parameter ADDRESS_ACLR_A set to NONE
        Info (286033): Parameter OUTDATA_REG_B set to UNREGISTERED
        Info (286033): Parameter ADDRESS_ACLR_B set to NONE
        Info (286033): Parameter OUTDATA_ACLR_B set to NONE
        Info (286033): Parameter ADDRESS_REG_B set to CLOCK1
        Info (286033): Parameter INDATA_ACLR_A set to NONE
        Info (286033): Parameter WRCONTROL_ACLR_A set to NONE
Info (12130): Elaborated megafunction instantiation "mem:DMem|altsyncram:ram_rtl_0"
Info (12133): Instantiated megafunction "mem:DMem|altsyncram:ram_rtl_0" with the following parameter:
    Info (12134): Parameter "OPERATION_MODE" = "DUAL_PORT"
    Info (12134): Parameter "WIDTH_A" = "32"
    Info (12134): Parameter "WIDTHAD_A" = "10"
    Info (12134): Parameter "NUMWORDS_A" = "1024"
    Info (12134): Parameter "WIDTH_B" = "32"
    Info (12134): Parameter "WIDTHAD_B" = "10"
    Info (12134): Parameter "NUMWORDS_B" = "1024"
    Info (12134): Parameter "ADDRESS_ACLR_A" = "NONE"
    Info (12134): Parameter "OUTDATA_REG_B" = "UNREGISTERED"
    Info (12134): Parameter "ADDRESS_ACLR_B" = "NONE"
    Info (12134): Parameter "OUTDATA_ACLR_B" = "NONE"
    Info (12134): Parameter "ADDRESS_REG_B" = "CLOCK0"
    Info (12134): Parameter "INDATA_ACLR_A" = "NONE"
    Info (12134): Parameter "WRCONTROL_ACLR_A" = "NONE"
Info (12021): Found 1 design units, including 1 entities, in source file db/altsyncram_ilc1.tdf
    Info (12023): Found entity 1: altsyncram_ilc1 File: /home/davidnr/CPRE_381/CPRE381_Proj2_HW/internal/QuartusWork/db/altsyncram_ilc1.tdf Line: 28
Info (12130): Elaborated megafunction instantiation "mem:IMem|altsyncram:ram_rtl_0"
Info (12133): Instantiated megafunction "mem:IMem|altsyncram:ram_rtl_0" with the following parameter:
    Info (12134): Parameter "OPERATION_MODE" = "DUAL_PORT"
    Info (12134): Parameter "WIDTH_A" = "32"
    Info (12134): Parameter "WIDTHAD_A" = "10"
    Info (12134): Parameter "NUMWORDS_A" = "1024"
    Info (12134): Parameter "WIDTH_B" = "32"
    Info (12134): Parameter "WIDTHAD_B" = "10"
    Info (12134): Parameter "NUMWORDS_B" = "1024"
    Info (12134): Parameter "ADDRESS_ACLR_A" = "NONE"
    Info (12134): Parameter "OUTDATA_REG_B" = "UNREGISTERED"
    Info (12134): Parameter "ADDRESS_ACLR_B" = "NONE"
    Info (12134): Parameter "OUTDATA_ACLR_B" = "NONE"
    Info (12134): Parameter "ADDRESS_REG_B" = "CLOCK1"
    Info (12134): Parameter "INDATA_ACLR_A" = "NONE"
    Info (12134): Parameter "WRCONTROL_ACLR_A" = "NONE"
Info (12021): Found 1 design units, including 1 entities, in source file db/altsyncram_02e1.tdf
    Info (12023): Found entity 1: altsyncram_02e1 File: /home/davidnr/CPRE_381/CPRE381_Proj2_HW/internal/QuartusWork/db/altsyncram_02e1.tdf Line: 28
Info (13000): Registers with preset signals will power-up high File: /home/davidnr/CPRE_381/CPRE381_Proj2_HW/proj/src/reg_file/dffg.vhd Line: 55
Info (13003): DEV_CLRn pin will set, and not reset, register with preset signal due to NOT Gate Push-Back
Info (286030): Timing-Driven Synthesis is running
Info (16010): Generating hard_block partition "hard_block:auto_generated_inst"
    Info (16011): Adding 0 node(s), including 0 DDIO, 0 PLL, 0 transceiver and 0 LCELL
Info (21057): Implemented 4807 device resources after synthesis - the final resource count might be different
    Info (21058): Implemented 67 input pins
    Info (21059): Implemented 32 output pins
    Info (21061): Implemented 4644 logic cells
    Info (21064): Implemented 64 RAM segments
Info: Quartus Prime Analysis & Synthesis was successful. 0 errors, 5 warnings
    Info: Peak virtual memory: 685 megabytes
    Info: Processing ended: Wed Mar  4 19:11:45 2026
    Info: Elapsed time: 00:00:27
    Info: Total CPU time (on all processors): 00:00:22
Info: *******************************************************************
Info: Running Quartus Prime Fitter
    Info: Version 20.1.1 Build 720 11/11/2020 SJ Standard Edition
    Info: Copyright (C) 2020  Intel Corporation. All rights reserved.
    Info: Your use of Intel Corporation's design tools, logic functions 
    Info: and other software and tools, and any partner logic 
    Info: functions, and any output files from any of the foregoing 
    Info: (including device programming or simulation files), and any 
    Info: associated documentation or information are expressly subject 
    Info: to the terms and conditions of the Intel Program License 
    Info: Subscription Agreement, the Intel Quartus Prime License Agreement,
    Info: the Intel FPGA IP License Agreement, or other applicable license
    Info: agreement, including, without limitation, that your use is for
    Info: the sole purpose of programming logic devices manufactured by
    Info: Intel and sold by Intel or its authorized distributors.  Please
    Info: refer to the applicable agreement for further details, at
    Info: https://fpgasoftware.intel.com/eula.
    Info: Processing started: Wed Mar  4 19:11:46 2026
Info: Command: quartus_fit --read_settings_files=on --write_settings_files=off toolflow -c toolflow
Info: qfit2_default_script.tcl version: #1
Info: Project  = toolflow
Info: Revision = toolflow
Warning (18236): Number of processors has not been specified which may cause overloading on shared machines.  Set the global assignment NUM_PARALLEL_PROCESSORS in your QSF to an appropriate value for best performance.
Info (20030): Parallel compilation is enabled and will use 4 of the 4 processors detected
Info (119006): Selected device EP4CE115F29C7 for design "toolflow"
Info (21076): High junction temperature operating condition is not set. Assuming a default value of '85'.
Info (21076): Low junction temperature operating condition is not set. Assuming a default value of '0'.
Info (171003): Fitter is performing an Auto Fit compilation, which may decrease Fitter effort to reduce compilation time
Info (176444): Device migration not selected. If you intend to use device migration later, you may need to change the pin assignments as they may be incompatible with other devices
    Info (176445): Device EP4CE40F29C7 is compatible
    Info (176445): Device EP4CE40F29I7 is compatible
    Info (176445): Device EP4CE30F29C7 is compatible
    Info (176445): Device EP4CE30F29I7 is compatible
    Info (176445): Device EP4CE55F29C7 is compatible
    Info (176445): Device EP4CE55F29I7 is compatible
    Info (176445): Device EP4CE75F29C7 is compatible
    Info (176445): Device EP4CE75F29I7 is compatible
    Info (176445): Device EP4CE115F29I7 is compatible
Info (169124): Fitter converted 5 user pins into dedicated programming pins
    Info (169125): Pin ~ALTERA_ASDO_DATA1~ is reserved at location F4
    Info (169125): Pin ~ALTERA_FLASH_nCE_nCSO~ is reserved at location E2
    Info (169125): Pin ~ALTERA_DCLK~ is reserved at location P3
    Info (169125): Pin ~ALTERA_DATA0~ is reserved at location N7
    Info (169125): Pin ~ALTERA_nCEO~ is reserved at location P28
Warning (15714): Some pins have incomplete I/O assignments. Refer to the I/O Assignment Warnings report for details
Info (176045): Design uses memory blocks. Violating setup or hold times of memory block address registers for either read or write operations could cause memory contents to be corrupted. Make sure that all memory block address registers meet the setup and hold time requirements.
Critical Warning (169085): No exact pin location assignment(s) for 99 pins of 99 total pins. For the list of pins please refer to the I/O Assignment Warnings table in the fitter report.
Info (332104): Reading SDC File: 'toolflow.sdc'
Info (332129): Detected timing requirements -- optimizing circuit to achieve only the specified requirements
Info (332111): Found 1 clocks
    Info (332111):   Period   Clock Name
    Info (332111): ======== ============
    Info (332111):   20.000         iCLK
Info (176353): Automatically promoted node iCLK~input (placed in PIN J1 (CLK1, DIFFCLK_0n)) File: /home/davidnr/CPRE_381/CPRE381_Proj2_HW/proj/src/TopLevel/RISCV_Processor.vhd Line: 23
    Info (176355): Automatically promoted destinations to use location or clock signal Global Clock CLKCTRL_G2
Info (176353): Automatically promoted node iRST~input (placed in PIN Y2 (CLK2, DIFFCLK_1p)) File: /home/davidnr/CPRE_381/CPRE381_Proj2_HW/proj/src/TopLevel/RISCV_Processor.vhd Line: 24
    Info (176355): Automatically promoted destinations to use location or clock signal Global Clock CLKCTRL_G4
Info (176233): Starting register packing
Info (176235): Finished register packing
    Extra Info (176219): No registers were packed into other blocks
Info (176214): Statistics of I/O pins that need to be placed that use the same VCCIO and VREF, before I/O pin placement
    Info (176211): Number of I/O pins in group: 97 (unused VREF, 2.5V VCCIO, 65 input, 32 output, 0 bidirectional)
        Info (176212): I/O standards used: 2.5 V.
Info (176215): I/O bank details before I/O pin placement
    Info (176214): Statistics of I/O banks
        Info (176213): I/O bank number 1 does not use VREF pins and has undetermined VCCIO pins. 5 total pin(s) used --  51 pins available
        Info (176213): I/O bank number 2 does not use VREF pins and has undetermined VCCIO pins. 1 total pin(s) used --  62 pins available
        Info (176213): I/O bank number 3 does not use VREF pins and has undetermined VCCIO pins. 0 total pin(s) used --  73 pins available
        Info (176213): I/O bank number 4 does not use VREF pins and has undetermined VCCIO pins. 0 total pin(s) used --  71 pins available
        Info (176213): I/O bank number 5 does not use VREF pins and has undetermined VCCIO pins. 0 total pin(s) used --  65 pins available
        Info (176213): I/O bank number 6 does not use VREF pins and has undetermined VCCIO pins. 1 total pin(s) used --  57 pins available
        Info (176213): I/O bank number 7 does not use VREF pins and has undetermined VCCIO pins. 0 total pin(s) used --  72 pins available
        Info (176213): I/O bank number 8 does not use VREF pins and has undetermined VCCIO pins. 0 total pin(s) used --  71 pins available
Info (171121): Fitter preparation operations ending: elapsed time is 00:00:04
Info (14896): Fitter has disabled Advanced Physical Optimization because it is not supported for the current family.
Info (170189): Fitter placement preparation operations beginning
Info (170190): Fitter placement preparation operations ending: elapsed time is 00:00:01
Info (170191): Fitter placement operations beginning
Info (170137): Fitter placement was successful
Info (170192): Fitter placement operations ending: elapsed time is 00:00:10
Info (170193): Fitter routing operations beginning
Info (170195): Router estimated average interconnect usage is 1% of the available device resources
    Info (170196): Router estimated peak interconnect usage is 25% of the available device resources in the region that extends from location X69_Y24 to location X80_Y36
Info (170199): The Fitter performed an Auto Fit compilation.  Optimizations were skipped to reduce compilation time.
    Info (170201): Optimizations that may affect the design's routability were skipped
    Info (170200): Optimizations that may affect the design's timing were skipped
Info (170194): Fitter routing operations ending: elapsed time is 00:00:17
Info (11888): Total time spent on timing analysis during the Fitter is 2.17 seconds.
Info (334003): Started post-fitting delay annotation
Info (334004): Delay annotation completed successfully
Info (334003): Started post-fitting delay annotation
Info (334004): Delay annotation completed successfully
Info (11218): Fitter post-fit operations ending: elapsed time is 00:00:02
Info (144001): Generated suppressed messages file /home/davidnr/CPRE_381/CPRE381_Proj2_HW/internal/QuartusWork/output_files/toolflow.fit.smsg
Info: Quartus Prime Fitter was successful. 0 errors, 3 warnings
    Info: Peak virtual memory: 1443 megabytes
    Info: Processing ended: Wed Mar  4 19:12:31 2026
    Info: Elapsed time: 00:00:45
    Info: Total CPU time (on all processors): 00:00:57
Info: *******************************************************************
Info: Running Quartus Prime Assembler
    Info: Version 20.1.1 Build 720 11/11/2020 SJ Standard Edition
    Info: Copyright (C) 2020  Intel Corporation. All rights reserved.
    Info: Your use of Intel Corporation's design tools, logic functions 
    Info: and other software and tools, and any partner logic 
    Info: functions, and any output files from any of the foregoing 
    Info: (including device programming or simulation files), and any 
    Info: associated documentation or information are expressly subject 
    Info: to the terms and conditions of the Intel Program License 
    Info: Subscription Agreement, the Intel Quartus Prime License Agreement,
    Info: the Intel FPGA IP License Agreement, or other applicable license
    Info: agreement, including, without limitation, that your use is for
    Info: the sole purpose of programming logic devices manufactured by
    Info: Intel and sold by Intel or its authorized distributors.  Please
    Info: refer to the applicable agreement for further details, at
    Info: https://fpgasoftware.intel.com/eula.
    Info: Processing started: Wed Mar  4 19:12:33 2026
Info: Command: quartus_asm --read_settings_files=on --write_settings_files=off toolflow -c toolflow
Warning (18236): Number of processors has not been specified which may cause overloading on shared machines.  Set the global assignment NUM_PARALLEL_PROCESSORS in your QSF to an appropriate value for best performance.
Info (115031): Writing out detailed assembly data for power analysis
Info (115030): Assembler is generating device programming files
Info: Quartus Prime Assembler was successful. 0 errors, 1 warning
    Info: Peak virtual memory: 593 megabytes
    Info: Processing ended: Wed Mar  4 19:12:35 2026
    Info: Elapsed time: 00:00:02
    Info: Total CPU time (on all processors): 00:00:03
