In clock cycle: 3
Register Write to Reg: 0x00 Val: 0x00000000
In clock cycle: 4
Register Write to Reg: 0x01 Val: 0x10010000
In clock cycle: 5
Register Write to Reg: 0x01 Val: 0x10010000
In clock cycle: 6
Register Write to Reg: 0x02 Val: 0x00000000
In clock cycle: 8
Register Write to Reg: 0x03 Val: 0x00000001
In clock cycle: 9
Register Write to Reg: 0x04 Val: 0x00001234
In clock cycle: 10
Register Write to Reg: 0x05 Val: 0x00007FFF
In clock cycle: 11
Register Write to Reg: 0x06 Val: 0x00005555
In clock cycle: 12
Register Write to Reg: 0x07 Val: 0x00002AAA
In clock cycle: 13
Register Write to Reg: 0x00 Val: 0x00007FFF
Execution is stopping! Clock Cycle: 13
